2025-08-20 20:26:17,655 [ERROR] src.app: Erro no processamento do PDF
Traceback (most recent call last):
  File "C:\Users\dougl\OneDrive\ï¿½rea de Trabalho\Developer\analisys02\backend\.venv\Lib\site-packages\mysql\connector\connection_cext.py", line 772, in cmd_query
    self._cmysql.query(
    ~~~~~~~~~~~~~~~~~~^
        query,
        ^^^^^^
    ...<3 lines>...
        query_attrs=self.query_attrs,
        ^^^^^^^^^^^^^^^^^^^^^^^^^^^^^
    )
    ^
_mysql_connector.MySQLInterfaceError: Table 'enemdb.provas' doesn't exist

The above exception was the direct cause of the following exception:

Traceback (most recent call last):
  File "C:\Users\dougl\OneDrive\ï¿½rea de Trabalho\Developer\analisys02\backend\.venv\Lib\site-packages\sqlalchemy\engine\base.py", line 1967, in _exec_single_context
    self.dialect.do_execute(
    ~~~~~~~~~~~~~~~~~~~~~~~^
        cursor, str_statement, effective_parameters, context
        ^^^^^^^^^^^^^^^^^^^^^^^^^^^^^^^^^^^^^^^^^^^^^^^^^^^^
    )
    ^
  File "C:\Users\dougl\OneDrive\ï¿½rea de Trabalho\Developer\analisys02\backend\.venv\Lib\site-packages\sqlalchemy\engine\default.py", line 951, in do_execute
    cursor.execute(statement, parameters)
    ~~~~~~~~~~~~~~^^^^^^^^^^^^^^^^^^^^^^^
  File "C:\Users\dougl\OneDrive\ï¿½rea de Trabalho\Developer\analisys02\backend\.venv\Lib\site-packages\mysql\connector\cursor_cext.py", line 353, in execute
    self._connection.cmd_query(
    ~~~~~~~~~~~~~~~~~~~~~~~~~~^
        self._stmt_partition["mappable_stmt"],
        ^^^^^^^^^^^^^^^^^^^^^^^^^^^^^^^^^^^^^^
    ...<2 lines>...
        raw_as_string=self._raw_as_string,
        ^^^^^^^^^^^^^^^^^^^^^^^^^^^^^^^^^^
    )
    ^
  File "C:\Users\dougl\OneDrive\ï¿½rea de Trabalho\Developer\analisys02\backend\.venv\Lib\site-packages\mysql\connector\opentelemetry\context_propagation.py", line 97, in wrapper
    return method(cnx, *args, **kwargs)
  File "C:\Users\dougl\OneDrive\ï¿½rea de Trabalho\Developer\analisys02\backend\.venv\Lib\site-packages\mysql\connector\connection_cext.py", line 781, in cmd_query
    raise get_mysql_exception(
        err.errno, msg=err.msg, sqlstate=err.sqlstate
    ) from err
mysql.connector.errors.ProgrammingError: 1146 (42S02): Table 'enemdb.provas' doesn't exist

The above exception was the direct cause of the following exception:

Traceback (most recent call last):
  File "C:\Users\dougl\OneDrive\ï¿½rea de Trabalho\Developer\analisys02\backend\src\controllers\upload_controller.py", line 92, in upload_file
    prova_obj = db_svc.get_or_create_prova(nome=prova, ano=ano, dia=dia, origem=file_path)
  File "C:\Users\dougl\OneDrive\ï¿½rea de Trabalho\Developer\analisys02\backend\src\services\db_service.py", line 13, in get_or_create_prova
    p = Prova.query.filter_by(nome=nome, ano=ano, dia=dia).first()
  File "C:\Users\dougl\OneDrive\ï¿½rea de Trabalho\Developer\analisys02\backend\.venv\Lib\site-packages\sqlalchemy\orm\query.py", line 2759, in first
    return self.limit(1)._iter().first()  # type: ignore
           ~~~~~~~~~~~~~~~~~~~^^
  File "C:\Users\dougl\OneDrive\ï¿½rea de Trabalho\Developer\analisys02\backend\.venv\Lib\site-packages\sqlalchemy\orm\query.py", line 2857, in _iter
    result: Union[ScalarResult[_T], Result[_T]] = self.session.execute(
                                                  ~~~~~~~~~~~~~~~~~~~~^
        statement,
        ^^^^^^^^^^
        params,
        ^^^^^^^
        execution_options={"_sa_orm_load_options": self.load_options},
        ^^^^^^^^^^^^^^^^^^^^^^^^^^^^^^^^^^^^^^^^^^^^^^^^^^^^^^^^^^^^^^
    )
    ^
  File "C:\Users\dougl\OneDrive\ï¿½rea de Trabalho\Developer\analisys02\backend\.venv\Lib\site-packages\sqlalchemy\orm\session.py", line 2365, in execute
    return self._execute_internal(
           ~~~~~~~~~~~~~~~~~~~~~~^
        statement,
        ^^^^^^^^^^
    ...<4 lines>...
        _add_event=_add_event,
        ^^^^^^^^^^^^^^^^^^^^^^
    )
    ^
  File "C:\Users\dougl\OneDrive\ï¿½rea de Trabalho\Developer\analisys02\backend\.venv\Lib\site-packages\sqlalchemy\orm\session.py", line 2251, in _execute_internal
    result: Result[Any] = compile_state_cls.orm_execute_statement(
                          ~~~~~~~~~~~~~~~~~~~~~~~~~~~~~~~~~~~~~~~^
        self,
        ^^^^^
    ...<4 lines>...
        conn,
        ^^^^^
    )
    ^
  File "C:\Users\dougl\OneDrive\ï¿½rea de Trabalho\Developer\analisys02\backend\.venv\Lib\site-packages\sqlalchemy\orm\context.py", line 306, in orm_execute_statement
    result = conn.execute(
        statement, params or {}, execution_options=execution_options
    )
  File "C:\Users\dougl\OneDrive\ï¿½rea de Trabalho\Developer\analisys02\backend\.venv\Lib\site-packages\sqlalchemy\engine\base.py", line 1419, in execute
    return meth(
        self,
        distilled_parameters,
        execution_options or NO_OPTIONS,
    )
  File "C:\Users\dougl\OneDrive\ï¿½rea de Trabalho\Developer\analisys02\backend\.venv\Lib\site-packages\sqlalchemy\sql\elements.py", line 526, in _execute_on_connection
    return connection._execute_clauseelement(
           ~~~~~~~~~~~~~~~~~~~~~~~~~~~~~~~~~^
        self, distilled_params, execution_options
        ^^^^^^^^^^^^^^^^^^^^^^^^^^^^^^^^^^^^^^^^^
    )
    ^
  File "C:\Users\dougl\OneDrive\ï¿½rea de Trabalho\Developer\analisys02\backend\.venv\Lib\site-packages\sqlalchemy\engine\base.py", line 1641, in _execute_clauseelement
    ret = self._execute_context(
        dialect,
    ...<8 lines>...
        cache_hit=cache_hit,
    )
  File "C:\Users\dougl\OneDrive\ï¿½rea de Trabalho\Developer\analisys02\backend\.venv\Lib\site-packages\sqlalchemy\engine\base.py", line 1846, in _execute_context
    return self._exec_single_context(
           ~~~~~~~~~~~~~~~~~~~~~~~~~^
        dialect, context, statement, parameters
        ^^^^^^^^^^^^^^^^^^^^^^^^^^^^^^^^^^^^^^^
    )
    ^
  File "C:\Users\dougl\OneDrive\ï¿½rea de Trabalho\Developer\analisys02\backend\.venv\Lib\site-packages\sqlalchemy\engine\base.py", line 1986, in _exec_single_context
    self._handle_dbapi_exception(
    ~~~~~~~~~~~~~~~~~~~~~~~~~~~~^
        e, str_statement, effective_parameters, cursor, context
        ^^^^^^^^^^^^^^^^^^^^^^^^^^^^^^^^^^^^^^^^^^^^^^^^^^^^^^^
    )
    ^
  File "C:\Users\dougl\OneDrive\ï¿½rea de Trabalho\Developer\analisys02\backend\.venv\Lib\site-packages\sqlalchemy\engine\base.py", line 2355, in _handle_dbapi_exception
    raise sqlalchemy_exception.with_traceback(exc_info[2]) from e
  File "C:\Users\dougl\OneDrive\ï¿½rea de Trabalho\Developer\analisys02\backend\.venv\Lib\site-packages\sqlalchemy\engine\base.py", line 1967, in _exec_single_context
    self.dialect.do_execute(
    ~~~~~~~~~~~~~~~~~~~~~~~^
        cursor, str_statement, effective_parameters, context
        ^^^^^^^^^^^^^^^^^^^^^^^^^^^^^^^^^^^^^^^^^^^^^^^^^^^^
    )
    ^
  File "C:\Users\dougl\OneDrive\ï¿½rea de Trabalho\Developer\analisys02\backend\.venv\Lib\site-packages\sqlalchemy\engine\default.py", line 951, in do_execute
    cursor.execute(statement, parameters)
    ~~~~~~~~~~~~~~^^^^^^^^^^^^^^^^^^^^^^^
  File "C:\Users\dougl\OneDrive\ï¿½rea de Trabalho\Developer\analisys02\backend\.venv\Lib\site-packages\mysql\connector\cursor_cext.py", line 353, in execute
    self._connection.cmd_query(
    ~~~~~~~~~~~~~~~~~~~~~~~~~~^
        self._stmt_partition["mappable_stmt"],
        ^^^^^^^^^^^^^^^^^^^^^^^^^^^^^^^^^^^^^^
    ...<2 lines>...
        raw_as_string=self._raw_as_string,
        ^^^^^^^^^^^^^^^^^^^^^^^^^^^^^^^^^^
    )
    ^
  File "C:\Users\dougl\OneDrive\ï¿½rea de Trabalho\Developer\analisys02\backend\.venv\Lib\site-packages\mysql\connector\opentelemetry\context_propagation.py", line 97, in wrapper
    return method(cnx, *args, **kwargs)
  File "C:\Users\dougl\OneDrive\ï¿½rea de Trabalho\Developer\analisys02\backend\.venv\Lib\site-packages\mysql\connector\connection_cext.py", line 781, in cmd_query
    raise get_mysql_exception(
        err.errno, msg=err.msg, sqlstate=err.sqlstate
    ) from err
sqlalchemy.exc.ProgrammingError: (mysql.connector.errors.ProgrammingError) 1146 (42S02): Table 'enemdb.provas' doesn't exist
[SQL: SELECT provas.id AS provas_id, provas.nome AS provas_nome, provas.ano AS provas_ano, provas.dia AS provas_dia, provas.origem AS provas_origem 
FROM provas 
WHERE provas.nome = %(nome_1)s AND provas.ano = %(ano_1)s AND provas.dia = %(dia_1)s 
 LIMIT %(param_1)s]
[parameters: {'nome_1': 'ENEM', 'ano_1': 2023, 'dia_1': 2, 'param_1': 1}]
(Background on this error at: https://sqlalche.me/e/20/f405)
2025-08-20 20:27:26,913 [INFO] src.app: Arquivo duplicado detectado SHA: 219bd7cfb4dc37f129cd0f4f9f58702ce3e7d75d0c4b051b420388be2d6c3b70
2025-08-20 20:35:11,739 [ERROR] src.app: Erro no processamento do PDF
Traceback (most recent call last):
  File "C:\Users\dougl\OneDrive\ï¿½rea de Trabalho\Developer\analisys02\backend\.venv\Lib\site-packages\mysql\connector\connection_cext.py", line 772, in cmd_query
    self._cmysql.query(
    ~~~~~~~~~~~~~~~~~~^
        query,
        ^^^^^^
    ...<3 lines>...
        query_attrs=self.query_attrs,
        ^^^^^^^^^^^^^^^^^^^^^^^^^^^^^
    )
    ^
_mysql_connector.MySQLInterfaceError: Table 'enemdb.provas' doesn't exist

The above exception was the direct cause of the following exception:

Traceback (most recent call last):
  File "C:\Users\dougl\OneDrive\ï¿½rea de Trabalho\Developer\analisys02\backend\.venv\Lib\site-packages\sqlalchemy\engine\base.py", line 1967, in _exec_single_context
    self.dialect.do_execute(
    ~~~~~~~~~~~~~~~~~~~~~~~^
        cursor, str_statement, effective_parameters, context
        ^^^^^^^^^^^^^^^^^^^^^^^^^^^^^^^^^^^^^^^^^^^^^^^^^^^^
    )
    ^
  File "C:\Users\dougl\OneDrive\ï¿½rea de Trabalho\Developer\analisys02\backend\.venv\Lib\site-packages\sqlalchemy\engine\default.py", line 951, in do_execute
    cursor.execute(statement, parameters)
    ~~~~~~~~~~~~~~^^^^^^^^^^^^^^^^^^^^^^^
  File "C:\Users\dougl\OneDrive\ï¿½rea de Trabalho\Developer\analisys02\backend\.venv\Lib\site-packages\mysql\connector\cursor_cext.py", line 353, in execute
    self._connection.cmd_query(
    ~~~~~~~~~~~~~~~~~~~~~~~~~~^
        self._stmt_partition["mappable_stmt"],
        ^^^^^^^^^^^^^^^^^^^^^^^^^^^^^^^^^^^^^^
    ...<2 lines>...
        raw_as_string=self._raw_as_string,
        ^^^^^^^^^^^^^^^^^^^^^^^^^^^^^^^^^^
    )
    ^
  File "C:\Users\dougl\OneDrive\ï¿½rea de Trabalho\Developer\analisys02\backend\.venv\Lib\site-packages\mysql\connector\opentelemetry\context_propagation.py", line 97, in wrapper
    return method(cnx, *args, **kwargs)
  File "C:\Users\dougl\OneDrive\ï¿½rea de Trabalho\Developer\analisys02\backend\.venv\Lib\site-packages\mysql\connector\connection_cext.py", line 781, in cmd_query
    raise get_mysql_exception(
        err.errno, msg=err.msg, sqlstate=err.sqlstate
    ) from err
mysql.connector.errors.ProgrammingError: 1146 (42S02): Table 'enemdb.provas' doesn't exist

The above exception was the direct cause of the following exception:

Traceback (most recent call last):
  File "C:\Users\dougl\OneDrive\ï¿½rea de Trabalho\Developer\analisys02\backend\src\controllers\upload_controller.py", line 92, in upload_file
    prova_obj = db_svc.get_or_create_prova(nome=prova, ano=ano, dia=dia, origem=file_path)
  File "C:\Users\dougl\OneDrive\ï¿½rea de Trabalho\Developer\analisys02\backend\src\services\db_service.py", line 13, in get_or_create_prova
    p = Prova.query.filter_by(nome=nome, ano=ano, dia=dia).first()
  File "C:\Users\dougl\OneDrive\ï¿½rea de Trabalho\Developer\analisys02\backend\.venv\Lib\site-packages\sqlalchemy\orm\query.py", line 2759, in first
    return self.limit(1)._iter().first()  # type: ignore
           ~~~~~~~~~~~~~~~~~~~^^
  File "C:\Users\dougl\OneDrive\ï¿½rea de Trabalho\Developer\analisys02\backend\.venv\Lib\site-packages\sqlalchemy\orm\query.py", line 2857, in _iter
    result: Union[ScalarResult[_T], Result[_T]] = self.session.execute(
                                                  ~~~~~~~~~~~~~~~~~~~~^
        statement,
        ^^^^^^^^^^
        params,
        ^^^^^^^
        execution_options={"_sa_orm_load_options": self.load_options},
        ^^^^^^^^^^^^^^^^^^^^^^^^^^^^^^^^^^^^^^^^^^^^^^^^^^^^^^^^^^^^^^
    )
    ^
  File "C:\Users\dougl\OneDrive\ï¿½rea de Trabalho\Developer\analisys02\backend\.venv\Lib\site-packages\sqlalchemy\orm\session.py", line 2365, in execute
    return self._execute_internal(
           ~~~~~~~~~~~~~~~~~~~~~~^
        statement,
        ^^^^^^^^^^
    ...<4 lines>...
        _add_event=_add_event,
        ^^^^^^^^^^^^^^^^^^^^^^
    )
    ^
  File "C:\Users\dougl\OneDrive\ï¿½rea de Trabalho\Developer\analisys02\backend\.venv\Lib\site-packages\sqlalchemy\orm\session.py", line 2251, in _execute_internal
    result: Result[Any] = compile_state_cls.orm_execute_statement(
                          ~~~~~~~~~~~~~~~~~~~~~~~~~~~~~~~~~~~~~~~^
        self,
        ^^^^^
    ...<4 lines>...
        conn,
        ^^^^^
    )
    ^
  File "C:\Users\dougl\OneDrive\ï¿½rea de Trabalho\Developer\analisys02\backend\.venv\Lib\site-packages\sqlalchemy\orm\context.py", line 306, in orm_execute_statement
    result = conn.execute(
        statement, params or {}, execution_options=execution_options
    )
  File "C:\Users\dougl\OneDrive\ï¿½rea de Trabalho\Developer\analisys02\backend\.venv\Lib\site-packages\sqlalchemy\engine\base.py", line 1419, in execute
    return meth(
        self,
        distilled_parameters,
        execution_options or NO_OPTIONS,
    )
  File "C:\Users\dougl\OneDrive\ï¿½rea de Trabalho\Developer\analisys02\backend\.venv\Lib\site-packages\sqlalchemy\sql\elements.py", line 526, in _execute_on_connection
    return connection._execute_clauseelement(
           ~~~~~~~~~~~~~~~~~~~~~~~~~~~~~~~~~^
        self, distilled_params, execution_options
        ^^^^^^^^^^^^^^^^^^^^^^^^^^^^^^^^^^^^^^^^^
    )
    ^
  File "C:\Users\dougl\OneDrive\ï¿½rea de Trabalho\Developer\analisys02\backend\.venv\Lib\site-packages\sqlalchemy\engine\base.py", line 1641, in _execute_clauseelement
    ret = self._execute_context(
        dialect,
    ...<8 lines>...
        cache_hit=cache_hit,
    )
  File "C:\Users\dougl\OneDrive\ï¿½rea de Trabalho\Developer\analisys02\backend\.venv\Lib\site-packages\sqlalchemy\engine\base.py", line 1846, in _execute_context
    return self._exec_single_context(
           ~~~~~~~~~~~~~~~~~~~~~~~~~^
        dialect, context, statement, parameters
        ^^^^^^^^^^^^^^^^^^^^^^^^^^^^^^^^^^^^^^^
    )
    ^
  File "C:\Users\dougl\OneDrive\ï¿½rea de Trabalho\Developer\analisys02\backend\.venv\Lib\site-packages\sqlalchemy\engine\base.py", line 1986, in _exec_single_context
    self._handle_dbapi_exception(
    ~~~~~~~~~~~~~~~~~~~~~~~~~~~~^
        e, str_statement, effective_parameters, cursor, context
        ^^^^^^^^^^^^^^^^^^^^^^^^^^^^^^^^^^^^^^^^^^^^^^^^^^^^^^^
    )
    ^
  File "C:\Users\dougl\OneDrive\ï¿½rea de Trabalho\Developer\analisys02\backend\.venv\Lib\site-packages\sqlalchemy\engine\base.py", line 2355, in _handle_dbapi_exception
    raise sqlalchemy_exception.with_traceback(exc_info[2]) from e
  File "C:\Users\dougl\OneDrive\ï¿½rea de Trabalho\Developer\analisys02\backend\.venv\Lib\site-packages\sqlalchemy\engine\base.py", line 1967, in _exec_single_context
    self.dialect.do_execute(
    ~~~~~~~~~~~~~~~~~~~~~~~^
        cursor, str_statement, effective_parameters, context
        ^^^^^^^^^^^^^^^^^^^^^^^^^^^^^^^^^^^^^^^^^^^^^^^^^^^^
    )
    ^
  File "C:\Users\dougl\OneDrive\ï¿½rea de Trabalho\Developer\analisys02\backend\.venv\Lib\site-packages\sqlalchemy\engine\default.py", line 951, in do_execute
    cursor.execute(statement, parameters)
    ~~~~~~~~~~~~~~^^^^^^^^^^^^^^^^^^^^^^^
  File "C:\Users\dougl\OneDrive\ï¿½rea de Trabalho\Developer\analisys02\backend\.venv\Lib\site-packages\mysql\connector\cursor_cext.py", line 353, in execute
    self._connection.cmd_query(
    ~~~~~~~~~~~~~~~~~~~~~~~~~~^
        self._stmt_partition["mappable_stmt"],
        ^^^^^^^^^^^^^^^^^^^^^^^^^^^^^^^^^^^^^^
    ...<2 lines>...
        raw_as_string=self._raw_as_string,
        ^^^^^^^^^^^^^^^^^^^^^^^^^^^^^^^^^^
    )
    ^
  File "C:\Users\dougl\OneDrive\ï¿½rea de Trabalho\Developer\analisys02\backend\.venv\Lib\site-packages\mysql\connector\opentelemetry\context_propagation.py", line 97, in wrapper
    return method(cnx, *args, **kwargs)
  File "C:\Users\dougl\OneDrive\ï¿½rea de Trabalho\Developer\analisys02\backend\.venv\Lib\site-packages\mysql\connector\connection_cext.py", line 781, in cmd_query
    raise get_mysql_exception(
        err.errno, msg=err.msg, sqlstate=err.sqlstate
    ) from err
sqlalchemy.exc.ProgrammingError: (mysql.connector.errors.ProgrammingError) 1146 (42S02): Table 'enemdb.provas' doesn't exist
[SQL: SELECT provas.id AS provas_id, provas.nome AS provas_nome, provas.ano AS provas_ano, provas.dia AS provas_dia, provas.origem AS provas_origem 
FROM provas 
WHERE provas.nome = %(nome_1)s AND provas.ano = %(ano_1)s AND provas.dia = %(dia_1)s 
 LIMIT %(param_1)s]
[parameters: {'nome_1': 'ENEM', 'ano_1': 2022, 'dia_1': 2, 'param_1': 1}]
(Background on this error at: https://sqlalche.me/e/20/f405)
2025-08-20 23:29:34,162 [ERROR] src.app: Erro no processamento do PDF
Traceback (most recent call last):
  File "C:\Users\dougl\OneDrive\ï¿½rea de Trabalho\Developer\analisys02\backend\.venv\Lib\site-packages\mysql\connector\connection_cext.py", line 772, in cmd_query
    self._cmysql.query(
    ~~~~~~~~~~~~~~~~~~^
        query,
        ^^^^^^
    ...<3 lines>...
        query_attrs=self.query_attrs,
        ^^^^^^^^^^^^^^^^^^^^^^^^^^^^^
    )
    ^
_mysql_connector.MySQLInterfaceError: Table 'enemdb.provas' doesn't exist

The above exception was the direct cause of the following exception:

Traceback (most recent call last):
  File "C:\Users\dougl\OneDrive\ï¿½rea de Trabalho\Developer\analisys02\backend\.venv\Lib\site-packages\sqlalchemy\engine\base.py", line 1967, in _exec_single_context
    self.dialect.do_execute(
    ~~~~~~~~~~~~~~~~~~~~~~~^
        cursor, str_statement, effective_parameters, context
        ^^^^^^^^^^^^^^^^^^^^^^^^^^^^^^^^^^^^^^^^^^^^^^^^^^^^
    )
    ^
  File "C:\Users\dougl\OneDrive\ï¿½rea de Trabalho\Developer\analisys02\backend\.venv\Lib\site-packages\sqlalchemy\engine\default.py", line 951, in do_execute
    cursor.execute(statement, parameters)
    ~~~~~~~~~~~~~~^^^^^^^^^^^^^^^^^^^^^^^
  File "C:\Users\dougl\OneDrive\ï¿½rea de Trabalho\Developer\analisys02\backend\.venv\Lib\site-packages\mysql\connector\cursor_cext.py", line 353, in execute
    self._connection.cmd_query(
    ~~~~~~~~~~~~~~~~~~~~~~~~~~^
        self._stmt_partition["mappable_stmt"],
        ^^^^^^^^^^^^^^^^^^^^^^^^^^^^^^^^^^^^^^
    ...<2 lines>...
        raw_as_string=self._raw_as_string,
        ^^^^^^^^^^^^^^^^^^^^^^^^^^^^^^^^^^
    )
    ^
  File "C:\Users\dougl\OneDrive\ï¿½rea de Trabalho\Developer\analisys02\backend\.venv\Lib\site-packages\mysql\connector\opentelemetry\context_propagation.py", line 97, in wrapper
    return method(cnx, *args, **kwargs)
  File "C:\Users\dougl\OneDrive\ï¿½rea de Trabalho\Developer\analisys02\backend\.venv\Lib\site-packages\mysql\connector\connection_cext.py", line 781, in cmd_query
    raise get_mysql_exception(
        err.errno, msg=err.msg, sqlstate=err.sqlstate
    ) from err
mysql.connector.errors.ProgrammingError: 1146 (42S02): Table 'enemdb.provas' doesn't exist

The above exception was the direct cause of the following exception:

Traceback (most recent call last):
  File "C:\Users\dougl\OneDrive\ï¿½rea de Trabalho\Developer\analisys02\backend\src\controllers\upload_controller.py", line 92, in upload_file
    prova_obj = db_svc.get_or_create_prova(nome=prova, ano=ano, dia=dia, origem=file_path)
  File "C:\Users\dougl\OneDrive\ï¿½rea de Trabalho\Developer\analisys02\backend\src\services\db_service.py", line 13, in get_or_create_prova
    p = Prova.query.filter_by(nome=nome, ano=ano, dia=dia).first()
  File "C:\Users\dougl\OneDrive\ï¿½rea de Trabalho\Developer\analisys02\backend\.venv\Lib\site-packages\sqlalchemy\orm\query.py", line 2759, in first
    return self.limit(1)._iter().first()  # type: ignore
           ~~~~~~~~~~~~~~~~~~~^^
  File "C:\Users\dougl\OneDrive\ï¿½rea de Trabalho\Developer\analisys02\backend\.venv\Lib\site-packages\sqlalchemy\orm\query.py", line 2857, in _iter
    result: Union[ScalarResult[_T], Result[_T]] = self.session.execute(
                                                  ~~~~~~~~~~~~~~~~~~~~^
        statement,
        ^^^^^^^^^^
        params,
        ^^^^^^^
        execution_options={"_sa_orm_load_options": self.load_options},
        ^^^^^^^^^^^^^^^^^^^^^^^^^^^^^^^^^^^^^^^^^^^^^^^^^^^^^^^^^^^^^^
    )
    ^
  File "C:\Users\dougl\OneDrive\ï¿½rea de Trabalho\Developer\analisys02\backend\.venv\Lib\site-packages\sqlalchemy\orm\session.py", line 2365, in execute
    return self._execute_internal(
           ~~~~~~~~~~~~~~~~~~~~~~^
        statement,
        ^^^^^^^^^^
    ...<4 lines>...
        _add_event=_add_event,
        ^^^^^^^^^^^^^^^^^^^^^^
    )
    ^
  File "C:\Users\dougl\OneDrive\ï¿½rea de Trabalho\Developer\analisys02\backend\.venv\Lib\site-packages\sqlalchemy\orm\session.py", line 2251, in _execute_internal
    result: Result[Any] = compile_state_cls.orm_execute_statement(
                          ~~~~~~~~~~~~~~~~~~~~~~~~~~~~~~~~~~~~~~~^
        self,
        ^^^^^
    ...<4 lines>...
        conn,
        ^^^^^
    )
    ^
  File "C:\Users\dougl\OneDrive\ï¿½rea de Trabalho\Developer\analisys02\backend\.venv\Lib\site-packages\sqlalchemy\orm\context.py", line 306, in orm_execute_statement
    result = conn.execute(
        statement, params or {}, execution_options=execution_options
    )
  File "C:\Users\dougl\OneDrive\ï¿½rea de Trabalho\Developer\analisys02\backend\.venv\Lib\site-packages\sqlalchemy\engine\base.py", line 1419, in execute
    return meth(
        self,
        distilled_parameters,
        execution_options or NO_OPTIONS,
    )
  File "C:\Users\dougl\OneDrive\ï¿½rea de Trabalho\Developer\analisys02\backend\.venv\Lib\site-packages\sqlalchemy\sql\elements.py", line 526, in _execute_on_connection
    return connection._execute_clauseelement(
           ~~~~~~~~~~~~~~~~~~~~~~~~~~~~~~~~~^
        self, distilled_params, execution_options
        ^^^^^^^^^^^^^^^^^^^^^^^^^^^^^^^^^^^^^^^^^
    )
    ^
  File "C:\Users\dougl\OneDrive\ï¿½rea de Trabalho\Developer\analisys02\backend\.venv\Lib\site-packages\sqlalchemy\engine\base.py", line 1641, in _execute_clauseelement
    ret = self._execute_context(
        dialect,
    ...<8 lines>...
        cache_hit=cache_hit,
    )
  File "C:\Users\dougl\OneDrive\ï¿½rea de Trabalho\Developer\analisys02\backend\.venv\Lib\site-packages\sqlalchemy\engine\base.py", line 1846, in _execute_context
    return self._exec_single_context(
           ~~~~~~~~~~~~~~~~~~~~~~~~~^
        dialect, context, statement, parameters
        ^^^^^^^^^^^^^^^^^^^^^^^^^^^^^^^^^^^^^^^
    )
    ^
  File "C:\Users\dougl\OneDrive\ï¿½rea de Trabalho\Developer\analisys02\backend\.venv\Lib\site-packages\sqlalchemy\engine\base.py", line 1986, in _exec_single_context
    self._handle_dbapi_exception(
    ~~~~~~~~~~~~~~~~~~~~~~~~~~~~^
        e, str_statement, effective_parameters, cursor, context
        ^^^^^^^^^^^^^^^^^^^^^^^^^^^^^^^^^^^^^^^^^^^^^^^^^^^^^^^
    )
    ^
  File "C:\Users\dougl\OneDrive\ï¿½rea de Trabalho\Developer\analisys02\backend\.venv\Lib\site-packages\sqlalchemy\engine\base.py", line 2355, in _handle_dbapi_exception
    raise sqlalchemy_exception.with_traceback(exc_info[2]) from e
  File "C:\Users\dougl\OneDrive\ï¿½rea de Trabalho\Developer\analisys02\backend\.venv\Lib\site-packages\sqlalchemy\engine\base.py", line 1967, in _exec_single_context
    self.dialect.do_execute(
    ~~~~~~~~~~~~~~~~~~~~~~~^
        cursor, str_statement, effective_parameters, context
        ^^^^^^^^^^^^^^^^^^^^^^^^^^^^^^^^^^^^^^^^^^^^^^^^^^^^
    )
    ^
  File "C:\Users\dougl\OneDrive\ï¿½rea de Trabalho\Developer\analisys02\backend\.venv\Lib\site-packages\sqlalchemy\engine\default.py", line 951, in do_execute
    cursor.execute(statement, parameters)
    ~~~~~~~~~~~~~~^^^^^^^^^^^^^^^^^^^^^^^
  File "C:\Users\dougl\OneDrive\ï¿½rea de Trabalho\Developer\analisys02\backend\.venv\Lib\site-packages\mysql\connector\cursor_cext.py", line 353, in execute
    self._connection.cmd_query(
    ~~~~~~~~~~~~~~~~~~~~~~~~~~^
        self._stmt_partition["mappable_stmt"],
        ^^^^^^^^^^^^^^^^^^^^^^^^^^^^^^^^^^^^^^
    ...<2 lines>...
        raw_as_string=self._raw_as_string,
        ^^^^^^^^^^^^^^^^^^^^^^^^^^^^^^^^^^
    )
    ^
  File "C:\Users\dougl\OneDrive\ï¿½rea de Trabalho\Developer\analisys02\backend\.venv\Lib\site-packages\mysql\connector\opentelemetry\context_propagation.py", line 97, in wrapper
    return method(cnx, *args, **kwargs)
  File "C:\Users\dougl\OneDrive\ï¿½rea de Trabalho\Developer\analisys02\backend\.venv\Lib\site-packages\mysql\connector\connection_cext.py", line 781, in cmd_query
    raise get_mysql_exception(
        err.errno, msg=err.msg, sqlstate=err.sqlstate
    ) from err
sqlalchemy.exc.ProgrammingError: (mysql.connector.errors.ProgrammingError) 1146 (42S02): Table 'enemdb.provas' doesn't exist
[SQL: SELECT provas.id AS provas_id, provas.nome AS provas_nome, provas.ano AS provas_ano, provas.dia AS provas_dia, provas.origem AS provas_origem 
FROM provas 
WHERE provas.nome = %(nome_1)s AND provas.ano = %(ano_1)s AND provas.dia = %(dia_1)s 
 LIMIT %(param_1)s]
[parameters: {'nome_1': 'ENEM', 'ano_1': 2022, 'dia_1': 2, 'param_1': 1}]
(Background on this error at: https://sqlalche.me/e/20/f405)
2025-08-20 23:30:05,935 [INFO] src.app: Arquivo duplicado detectado SHA: 068a960ff3fde64d89484995f1a323676c354ad1efa27c109f09a4bb90619756
2025-08-20 23:36:24,572 [INFO] src.app: Arquivo duplicado detectado SHA: 068a960ff3fde64d89484995f1a323676c354ad1efa27c109f09a4bb90619756
2025-08-21 01:31:53,604 [ERROR] src.app: Erro no processamento do PDF
Traceback (most recent call last):
  File "C:\Users\dougl\OneDrive\ï¿½rea de Trabalho\Developer\analisys02\backend\src\controllers\upload_controller.py", line 93, in upload_file
    db_svc.insert_questions_batch(prova_obj.id, questions, materia)
    ~~~~~~~~~~~~~~~~~~~~~~~~~~~~~^^^^^^^^^^^^^^^^^^^^^^^^^^^^^^^^^^
  File "C:\Users\dougl\OneDrive\ï¿½rea de Trabalho\Developer\analisys02\backend\src\services\db_service.py", line 22, in insert_questions_batch
    from src.app import db
ModuleNotFoundError: No module named 'app'
2025-08-21 01:37:55,567 [INFO] src.app: Arquivo duplicado detectado SHA: 219bd7cfb4dc37f129cd0f4f9f58702ce3e7d75d0c4b051b420388be2d6c3b70
2025-08-23 04:10:24,786 [INFO] src.app: Arquivo duplicado detectado SHA: 068a960ff3fde64d89484995f1a323676c354ad1efa27c109f09a4bb90619756
2025-08-23 04:10:35,706 [INFO] src.app: Arquivo duplicado detectado SHA: 068a960ff3fde64d89484995f1a323676c354ad1efa27c109f09a4bb90619756
2025-08-23 04:13:04,633 [INFO] src.app: Arquivo duplicado detectado SHA: 068a960ff3fde64d89484995f1a323676c354ad1efa27c109f09a4bb90619756
2025-08-23 04:40:22,468 [INFO] src.app: Arquivo duplicado detectado SHA: 4aafd3567873578507f2bd47970c71d701c3db776654188b7d597e7284303adc
2025-08-23 04:41:31,788 [INFO] src.app: Arquivo duplicado detectado SHA: 4aafd3567873578507f2bd47970c71d701c3db776654188b7d597e7284303adc
2025-08-23 04:55:33,794 [INFO] src.app: Arquivo duplicado detectado SHA: 4aafd3567873578507f2bd47970c71d701c3db776654188b7d597e7284303adc
2025-08-23 12:08:25,451 [INFO] src.app: Arquivo duplicado detectado SHA: 4aafd3567873578507f2bd47970c71d701c3db776654188b7d597e7284303adc
2025-08-23 12:09:14,972 [INFO] src.app: Arquivo duplicado detectado SHA: 068a960ff3fde64d89484995f1a323676c354ad1efa27c109f09a4bb90619756
2025-08-23 13:21:50,602 [INFO] src.app: Arquivo duplicado detectado SHA: 387bfbd3c30074f595b59e404fc11619c5fdf0dec1d712520e9eb931bf348599
2025-08-23 13:41:02,568 [INFO] src.app: Arquivo duplicado detectado SHA: 508fc9db2d39df289b8a399044516af78bda3793fd398eed39c7ab0f2a393c48
2025-08-23 13:51:21,773 [INFO] src.app: Arquivo duplicado detectado SHA: 508fc9db2d39df289b8a399044516af78bda3793fd398eed39c7ab0f2a393c48
2025-08-23 13:52:20,636 [INFO] src.app: Arquivo duplicado detectado SHA: 4aafd3567873578507f2bd47970c71d701c3db776654188b7d597e7284303adc
2025-08-23 13:58:59,236 [INFO] src.app: Arquivo duplicado detectado SHA: 387bfbd3c30074f595b59e404fc11619c5fdf0dec1d712520e9eb931bf348599
2025-08-23 16:05:28,501 [ERROR] src.app: Erro no processamento do PDF
Traceback (most recent call last):
  File "C:\Users\dougl\OneDrive\Área de Trabalho\Developer\analisys02\backend\src\services\pdf_processor.py", line 79, in parse_gabarito_pdf
    with pdfplumber.open(pdf_path) as pdf:
         ~~~~~~~~~~~~~~~^^^^^^^^^^
  File "C:\Users\dougl\OneDrive\Área de Trabalho\Developer\analisys02\backend\.venv\Lib\site-packages\pdfplumber\pdf.py", line 98, in open
    stream = open(path_or_fp, "rb")
FileNotFoundError: [Errno 2] No such file or directory: '1\n2 01\n3\n4\n9\n10\nMe deu um beijo e virou poesia.\n30 minutos\n*010175AZ1*\n*010175AZ2*\nLINGUAGENS, CÓDIGOS E SUAS TECNOLOGIAS Questão 2\nQuestões de 01 a 45\nQuestões de 01 a 05 (opção inglês)\nQuestão 01\nDisponível em: https://sites.psu.edu. Acesso em: 12 jun. 2018.\nDisponível em: www.csuchico.edu. Acesso em: 11 dez. 2017.\nOs recursos usados nesse pôster de divulgação de uma\ncampanha levam o leitor a refletir sobre a necessidade de Nesse pôster de divulgação de uma campanha que\naborda a diversidade e a inclusão, a interação dos\nA criticar o tipo de tratamento dado à mulher.\nelementos verbais e não verbais faz referência ao ato de\nB rever o desempenho da mulher no trabalho.\nC questionar a sobrecarga de atribuições da mulher. A estereotipar povos de certas culturas.\nD analisar as pesquisas acerca dos direitos da mulher. B discriminar hábitos de grupos minoritários.\nE censurar a mulher pelo uso de determinadas palavras. C banir imigrantes de determinadas origens.\nD julgar padrões de beleza de diversas etnias.\nE desvalorizar costumes de algumas sociedades.\nLC - 1° dia | Caderno 1 - AZUL - Página 2\n*010175AZ3*\nQuestão 3 No poema de Robert Frost, as palavras “fault” e “blame”\nrevelam por parte do eu lírico uma\nA Mother in a Refugee Camp\nNo Madonna and Child could touch A culpa por não poder cuidar do pássaro.\nHer tenderness for a son B atitude errada por querer matar o pássaro.\nShe soon would have to forget...\nC necessidade de entender o silêncio do pássaro.\nThe air was heavy with odors of diarrhea,\nD sensibilização com relação à natureza do pássaro.\nOf unwashed children with washed-out ribs\nE irritação quanto à persistência do canto do pássaro.\nAnd dried-up bottoms waddling in labored steps\nQuestão 5\nBehind blown-empty bellies. Other mothers there\nFinally, Aisha finished with her customer and asked\nHad long ceased to care, but not this one:\nwhat colour Ifemelu wanted for her hair attachments.\nShe held a ghost-smile between her teeth,\nand in her eyes the memory “Colour four.”\nOf a mother’s pride... She had bathed him\n“Not good colour,” Aisha said promptly.\nAnd rubbed him down with bare palms.\nShe took from their bundle of possessions “That’s what I use.”\nA broken comb and combed\n“It look dirty. You don’t want colour one?”\nThe rust-colored hair left on his skull\n“Colour one is too black, it looks fake,” Ifemelu said,\nAnd then — humming in her eyes — began carefully\n[to part it. loosening her headwrap. “Sometimes I use colour two,\nIn their former life this was perhaps but colour four is closest to my natural colour.”\nA little daily act of no consequence\n[...]\nBefore his breakfast and school; now she did it\nShe touched Ifemelu’s hair. “Why you don’t have\nLike putting flowers on a tiny grave.\nrelaxer?”\nACHEBE, C. Collected Poems. New York: Anchor Books, 2004.\nO escritor nigeriano Chinua Achebe traz uma reflexão “I like my hair the way God made it.”\nsobre a situação dos refugiados em um cenário pós-guerra\n“But how you comb it? Hard to comb,” Aisha said.\ncivil em seu país. Essa reflexão é construída no poema\npor meio da representação de uma mãe, explorando a(s) Ifemelu had brought her own comb. She gently combed\nher hair, dense, soft and tightly coiled, until it framed her\nA demonstração de orgulho por não precisar pedir\ndoações. head like a halo. “It’s not hard to comb if you moisturize\nB descrições artísticas detalhadas de uma obra it properly,” she said, slipping into the coaxing tone of the\nconhecida. proselytizer that she used whenever she was trying to\nC aceitação de um diagnóstico de doença terminal do\nconvince other black women about the merits of wearing\nfilho.\ntheir hair natural. Aisha snorted; she clearly could not\nD consternação ao visitar o túmulo do filho recém-falecido.\nunderstand why anybody would choose to suffer through\nE impressões sensoriais experimentadas no ambiente.\ncombing natural hair, instead of simply relaxing it. She\nQuestão 4\nsectioned out Ifemelu’s hair, plucked a little attachment\nA Minor Bird\nfrom the pile on the table and began deftly to twist.\nI have wished a bird would fly away, ADICHIE, C. Americanah: A novel. New York: Anchor Books, 2013.\nAnd not sing by my house all day; A passagem do romance da escritora nigeriana traz\num diálogo entre duas mulheres negras: a cabeleireira,\nHave clapped my hands at him from the door\nAisha, e a cliente, Ifemelu. O posicionamento da cliente é\nWhen it seemed as if I could bear no more. sustentado por argumentos que\nThe fault must partly have been in me.\nA reforçam um padrão de beleza.\nThe bird was not to blame for his key.\nB retratam um conflito de gerações.\nAnd of course there must be something wrong C revelam uma atitude de resistência.\nIn wanting to silence any song. D demonstram uma postura de imaturidade.\nFROST, R. West-running Brook. New York: Henry Holt and Company, 1928. E evidenciam uma mudança de comportamento.\nLC - 1° dia | Caderno 1 - AZUL - Página 3\n*010175AZ4*\nQuestões de 01 a 05 (opção espanhol) Questão 2\nQuestão 01 Los propietarios de la libertad\nPablo Pueblo\nLas palabras cumplen ciclos; las actitudes también. Sin\nRegresa un hombre en silencio embargo, cuando las palabras designan actitudes, los ciclos\nse vuelven más complejos. Cuando el hoy tan denostado\nDe su trabajo cansado\nSartre puso la palabra compromiso sobre el tapete y\nSu paso no lleva prisa\nhasta Mac Leish publicó un libro sobre la responsabilidad\nSu sombra nunca lo alcanza\nde los intelectuales, estas dos palabras, compromiso y\nLo espera el barrio de siempre\nresponsabilidad, designaban actitudes que, sin ser gemelas,\nCon el farol en la esquina\neran bastante afines. Salvo contadas excepciones, los\nCon la basura allá en frente intelectuales de entonces las hicieron suyas y, equivocados\nY el ruido de la cantina o no, dijeron sin eufemismos por qué empeño se la jugaban.\nPablo Pueblo Los intelectuales latinoamericanos también\nllega hasta el zaguán oscuro comprendieron dónde estaba esta vez el enemigo. Sólo\nY vuelve a ver las paredes entonces empezó la mala prensa. Los grandes pontífices\nCon las viejas papeletas de la propaganda subrayaron una y otra vez la palabra\nQue prometían futuros libertad y denostaron el compromiso. Libertad no era\nen lides politiqueras librarse de Batista o de Somoza, sino mantener la prensa\nlibre. Libertad es la emocionada comprobación de que la\nY en su cara se dibuja\ngran prensa norteamericana es capaz de descubrir que\nla decepción de la espera.\nLumumba o Allende fueron liquidados por la CIA, sin\nBLADES, R. Disponível em: http://rubenblades.com. Acesso em: 26 jun. 2012 (fragmento).\nponer el acento en que eso no sirve para resucitarlos.\nRubén Blades é um compositor panamenho de canções\nsocialmente engajadas. O título Pablo Pueblo, associado ao ¿Y compromiso? Es la actitud que adoptan\nconteúdo da letra da canção, revela uma crítica social ao ciertos intelectuales, cuya carga ideológica perjudica\nnotoriamente su arte. Después de todo, ¿cómo se atreven\nA contrapor a individualidade de um sujeito a uma\na frecuentar las provincias del espíritu, si es público y\nestrutura social marcada pela decepção na atuação\nnotorio que tales ámbitos son patrimonio exclusivo de los\npolítica.\npropietarios de la libertad?\nB demonstrar que o problema sofrido pelo indivíduo\nBENEDETTI, M. Perplejidades de fin de siglo.\nBuenos Aires: Sudamericana, 1993 (adaptado).\natinge toda a comunidade.\nTransformar palavras em atitudes tem sido um dos\nC relativizar a importância que se dá ao sofrimento\ngrandes dilemas dos intelectuais. Ao ponderar sobre\nindividual em uma estrutura social baseada na essa temática, o autor, um dos grandes críticos e literatos\nexploração. latino-americanos da atualidade, leva o leitor a perceber\nque\nD descrever a vida de um sujeito que nunca resolve\nsuas inquietações e, por isso, mantém-se silencioso. A o compromisso político afasta o artista da criação.\nE usar um apelido jocoso para designar a atuação de B os costumes sociais governam a linguagem e as\num indivíduo em seu próprio bairro. atitudes das pessoas.\nC o compromisso ideológico de alguns intelectuais está\nrefletido em suas obras.\nD a complexidade relacionada ao conceito de liberdade\nimpede o compromisso.\nE os intelectuais latino-americanos têm um\nposicionamento acrítico perante o poder.\nLC - 1° dia | Caderno 1 - AZUL - Página 4\n*010175AZ5*\nQuestão 3 en las palabras\nde mis antepasados...\nLa violencia como bella arte\nera entonces hombre,\nPues bien, ‘Relatos Salvajes’, de Damián Szifrón,\nmaduro y sencillo\nes sobre todo un brillante esfuerzo por poner rostro, por\ncomo los cerros y los peñascos,\nfotografiar, a la parte de la violencia que tanto cuesta\ny mi cultura era el atole,\nver en el cine. De repente, el director argentino coloca\nel chaquehue, y los buenos días;\nal espectador ante el espectáculo, digamos putrefacto,\nmi idioma cantaba\nde una sociedad enferma de su propia indolencia, versículos\nanestesiada por su ira, incapaz de entender el origen por los cañones\nde la insatisfacción que la habita. ¿Cómo se quedan? de tierra roja\nSí, estamos delante de la una película vocacionalmente y tierra amarilla...\nviolenta, obligadamente salvaje, pero, y sobre todo,\nHoy sí, hoy ya no soy\ndeslumbrante en su claridad. mejicano ni hispano\nMás allá del esplendor sabio de una producción ni tampoco americano,\nperfecta, lo que más duele, lo que más divierte, lo que pero soy — y bien lo siento ser —\nmás conmueve es la sensación de reconocimiento. Cada una sombra del pasado\nuno de los damnificados, pese a su acento marcadamente y un esfuerzo\nargentino, somos nosotros. O, mejor, cada insulto hacia el futuro...\nproferido, y no siempre entendido, es nuestro, en algún SÁNCHEZ, R. Disponível em: www.materialdelectura.unam.mx. Acesso em: 4 dez. 2017.\nmomento ha salido de nuestra boca. O saldrá. Ao abordar a expropriação de territórios mexicanos pelos\nLa violencia no es sólo eso que tanto desagrada a Estados Unidos, o eu lírico do poema revela um(a)\nlos profesionales del buen gusto, a los programadores de\nA rejeição da língua utilizada por seus antepassados.\nópera o a los filósofos de la nada; la violencia, la realmente\nB desejo de pertencimento ao espaço estadunidense.\ninsoportable, es también una cuestión de actitud, un\nsimple gesto. Y esa violencia está por todas partes, está C certeza de manutenção de suas tradições.\ndentro. Y Szifrón acierta a retratarla tan fielmente que no D reivindicação de um mundo unificado.\nqueda otra cosa que romper a reír. Aunque sólo sea de E sentimento de conflito de identidades.\nsimple desesperación. Brillante, magistral incluso.\nQuestão 5\nMARTÍNEZ, L. Disponível em: www.elmundo.es. Acesso em: 13 abr. 2015 (adaptado). Poco después apareció en casa de Elisenda Morales,\nNessa resenha crítica acerca do filme Relatos Salvajes, arrastrando su cansancio y las contrariedades de un largo\no autor evidencia o día que había dejado su ánimo en ruinas. A pesar de\ntodo, supo resistirlo, y cuando ella le ofreció una copa de\nA cômico como fuga da sociedade diante de situações mistela, abandonó su asiento para ir hasta la tienda en\nbusca de algo más estimulante.\nviolentas.\nAllí, en el corredor de la casa, en taburetes separados,\nB estado de apatia da sociedade perante a violência recibieron los primeros cálidos soplos de la noche. Con su\nrotineira do mundo atual. habitual entereza, Elisenda entró a conectar la luz de la\nsala, sofocando parte de su reflejo, mientras comentaba\nC empecilho para o espectador vivenciar a violência que así estarían mejor. Al menos, pensó el tío Camarillo,\nbruta na realidade e na ficção. no había sacado la lámpara como otras veces, ni le había\nentregado alguno de sus álbumes, y parecía en cambio\nD sotaque reforçado dos personagens a fim de marcar decidida a mantener en ascuas al vecindario. Aquélla fue\no espaço do cinema argentino. la primera vez que en mucho tiempo dejaron de lado el\ntema de las rentas, para entrar con pies de plomo en el\nE autorreconhecimento diante dos diversos tipos de\nespinoso terreno de las confidencias.\ncomportamento humano frente à violência.\nSÁNCHEZ, H. El héroe de la família. Bogotá: Tercer Mundo, 1988.\nQuestão 4 No texto, no qual é narrada a visita à casa de uma\nOye, Pito, ésta es: la vida bruta de un boy personagem, a expressão “entrar con pies de plomo” é\nutilizada para se referir ao(à)\nmis tierras eran\nnuevo méxico, colorado, A determinação para conduzir discussões pessoais.\ncalifornia, arizona, tejas, B insensibilidade para lidar com temas do passado.\ny muchos otros senderos, C discrição para administrar questões financeiras.\naún cuando la luz existía\nD disposição para resolver problemas familiares.\nsonrientemente\nE cuidado para tratar de assuntos íntimos.\nLC - 1° dia | Caderno 1 - AZUL - Página 5\n*010175AZ6*\nLINGUAGENS, CÓDIGOS E SUAS TECNOLOGIAS Questão 7\nQuestões de 06 a 45\nQuestão 6\nVou-me embora p’ra Pasárgada foi o poema de\nmais longa gestação em toda a minha obra. Vi pela\nprimeira vez esse nome Pasárgada quando tinha os\nmeus dezesseis anos e foi num autor grego. [...] Esse\nnome de Pasárgada, que significa “campo dos persas”\nou “tesouro dos persas”, suscitou na minha imaginação\numa paisagem fabulosa, um país de delícias, como o\nde L’invitation au Voyage, de Baudelaire. Mais de vinte\nanos depois, quando eu morava só na minha casa da\nRua do Curvelo, num momento de fundo desânimo,\nda mais aguda sensação de tudo o que eu não tinha\nfeito em minha vida por motivo da doença, saltou-me\nde súbito do subconsciente este grito estapafúrdio:\n“Vou-me embora p’ra Pasárgada!” Senti na redondilha\na primeira célula de um poema, e tentei realizá-lo,\nmas fracassei. Alguns anos depois, em idênticas\ncircunstâncias de desalento e tédio, me ocorreu o\nmesmo desabafo de evasão da “vida besta”. Desta vez\no poema saiu sem esforço como se já estivesse pronto\ndentro de mim. Gosto desse poema porque vejo nele,\nem escorço, toda a minha vida; [...] Não sou arquiteto,\nDisponível em: www.globofilmes.globo.com. Acesso em: 13 dez. 2017 (adaptado).\ncomo meu pai desejava, não fiz nenhuma casa, mas\nA frase, título do filme, reproduz uma variedade\nreconstruí e “não de uma forma imperfeita neste mundo\nlinguística recorrente na fala de muitos brasileiros.\nde aparências”, uma cidade ilustre, que hoje não é mais Essa estrutura caracteriza-se pelo(a)\na Pasárgada de Ciro, e sim a “minha” Pasárgada.\nA uso de uma marcação temporal.\nBANDEIRA, M. Itinerário de Pasárgada. Rio de Janeiro: Nova Fronteira; Brasília: INL, 1984.\nB imprecisão do referente de pessoa.\nOs processos de interação comunicativa preveem a C organização interrogativa da frase.\npresença ativa de múltiplos elementos da comunicação, D utilização de um verbo de ação.\nentre os quais se destacam as funções da linguagem. E apagamento de uma preposição.\nNesse fragmento, a função da linguagem predominante é a\nA emotiva, porque o poeta expõe os sentimentos de\nangústia que o levaram à criação poética.\nB referencial, porque o texto informa sobre a origem do\nnome empregado em um famoso poema de Bandeira.\nC metalinguística, porque o poeta tece comentários\nsobre a gênese e o processo de escrita de um de\nseus poemas.\nD poética, porque o texto aborda os elementos estéticos\nde um dos poemas mais conhecidos de Bandeira.\nE apelativa, porque o poeta tenta convencer os leitores\nsobre sua dificuldade de compor um poema.\nLC - 1° dia | Caderno 1 - AZUL - Página 6\n*010175AZ7*\nQuestão 8 Questão 10\nO ouro do século 21\nSlam do Corpo é um encontro pensado para surdos\ne ouvintes, existente desde 2014, em São Paulo. Uma Cério, gadolínio, lutécio, promécio e érbio; sumário,\niniciativa pioneira do grupo Corposinalizante, criado em térbio e disprósio; hólmio, túlio e itérbio. Essa lista de nomes\n2008. (Antes de seguirmos, vale a explicação: o termo esquisitos e pouco conhecidos pode parecer a escalação\nslam vem do inglês e significa — numa nova acepção de um time de futebol, que ainda teria no banco de reservas\npara o verbo geralmente utilizado para dizer “bater com lantânio, neodímio, praseodímio, európio, escândio e ítrio.\nforça” — a “poesia falada nos ritmos das palavras e da Mas esses 17 metais, chamados de terras-raras, fazem\ncidade”). Nos saraus, o primeiro objetivo foi o de botar parte da vida de quase todos os humanos do planeta.\nos poemas em Libras na roda, colocar os surdos para Chamados por muitos de “ouro do século 21”, “elementos do\ncircular e entender esse encontro entre a poesia e a língua futuro” ou “vitaminas da indústria”, eles estão nos materiais\nde sinais, compreender o encontro dessas duas línguas. usados na fabricação de lâmpadas, telas de computadores,\nPoemas de autoria própria, três minutos, um microfone. tablets e celulares, motores de carros elétricos, baterias e\nSem figurino, nem adereços, nem acompanhamento até turbinas eólicas. Apesar de tantas aplicações, o Brasil,\nmusical. O que vale é modular a voz e o corpo, um dono da segunda maior reserva do mundo desses metais,\ntrabalho artesanal de tornar a palavra “visível”, numa parou de extraí-los e usá-los em 2002. Agora, volta a pensar\narena cujo objetivo maior é o de emocionar a plateia, tirar em retomar sua exploração.\no público da passividade, seja pelo humor, horror, caos,\nSILVEIRA, E. Disponível em: www.revistaplaneta.com.br.\ndoçura e outras tantas sensações. Acesso em: 6 dez. 2017 (adaptado).\nNOVELLI, G. Poesia incorporada. Revista Continente, n. 189, set. 2016 (adaptado). As aspas sinalizam expressões metafóricas empregadas\nNa prática artística mencionada no texto, o corpo assume intencionalmente pelo autor do texto para\npapel de destaque ao articular diferentes linguagens com A imprimir um tom irônico à reportagem.\no intuito de B incorporar citações de especialistas à reportagem.\nA imprimir ritmo e visibilidade à expressão poética. C atribuir maior valor aos metais, objeto da reportagem.\nB redefinir o espaço de circulação da poesia urbana. D esclarecer termos científicos empregados na\nC estimular produções autorais de usuários de Libras. reportagem.\nD traduzir expressões verbais para a língua de sinais. E marcar a apropriação de termos de outra ciência pela\nE proporcionar performances estéticas de pessoas reportagem.\nsurdas. Questão 11\nQuestão 9 Na sua imaginação perturbada sentia a natureza toda\nagitando-se para sufocá-la. Aumentavam as sombras. No\nÉ possível afirmar que muitas expressões idiomáticas\ncéu, nuvens colossais e túmidas rolavam para o abismo do\ntransmitidas pela cultura regional possuem autores\nanônimos, no entanto, algumas delas surgiram em horizonte... Na várzea, ao clarão indeciso do crepúsculo,\nconsequência de contextos históricos bem curiosos. os seres tomavam ares de monstros... As montanhas,\n“Aquele é um cabra da peste” é um bom exemplo dessas subindo ameaçadoras da terra, perfilavam-se tenebrosas...\nconstruções. Os caminhos, espreguiçando-se sobre os campos,\nanimavam-se quais serpentes infinitas... As árvores soltas\nPara compreender essa expressão tão repetida no\nchoravam ao vento, como carpideiras fantásticas da\nNordeste brasileiro, faz-se necessário voltar o olhar para o\nnatureza morta... Os aflitivos pássaros noturnos gemiam\nséculo 16. “Cabra” remete à forma com que os navegadores\nagouros com pios fúnebres. Maria quis fugir, mas os\nportugueses chamavam os índios. Já “peste” estaria ligada\nmembros cansados não acudiam aos ímpetos do medo\nà questão da superação e resistência, ou mesmo uma\ne deixavam-na prostrada em uma angústia desesperada.\nassociação com o diabo. Assim, com o passar dos anos,\nARANHA, J. P. G. Canaã. São Paulo: Ática, 1997.\npassou-se a utilizar tal expressão para denominar qualquer\nindivíduo que se mostre corajoso, ou mesmo insolente, já No trecho, o narrador mobiliza recursos de linguagem que\nque a expressão pode ter caráter positivo ou negativo. Aliás, geram uma expressividade centrada na percepção da\nquem já não ficou de “nhe-nhe-nhém” por aí? O termo, que A relação entre a natureza opressiva e o desejo de\nnormalmente tem significado de conversa interminável,\nlibertação da personagem.\nmonótona ou resmungo, tem origem no tupi-guarani e\nB confluência entre o estado emocional da personagem\n“nhém” significa “falar”.\ne a configuração da paisagem.\nDisponível em: http://leiturasdahistoria.uol.com.br. Acesso em: 13 dez. 2017.\nA leitura do texto permite ao leitor entrar em contato com C prevalência do mundo natural em relação à fragilidade\nA registros do inventário do português brasileiro. humana.\nB justificativas da variedade linguística do país. D depreciação do sentido da vida diante da consciência\nC influências da fala do nordestino no uso da língua. da morte iminente.\nD explorações do falar de um grupo social específico. E instabilidade psicológica da personagem face à\nE representações da mudança linguística do português. realidade hostil.\nLC - 1° dia | Caderno 1 - AZUL - Página 7\n*010175AZ8*\nQuestão 12 A inter-relação entre tecnologia e sociedade tem\nTEXTO I estimulado a criação de aplicativos. Nesse texto, isso é\nÉ pau, é pedra, é o fim do caminho percebido pelo desenvolvimento de aplicativos para\nÉ um resto de toco, é um pouco sozinho A organização de eventos de competições esportivas.\nÉ um caco de vidro, é a vida, é o sol B agendamento de viagens para eventos de esporte\nÉ a noite, é a morte, é o laço, é o anzol amador.\nÉ peroba-do-campo, é o nó da madeira C mapeamento dos interesses dos praticantes acerca\nCaingá, candeia, é o matita-pereira dos esportes.\nD identificação da escassez de espaços para a vivência\nTOM JOBIM. Águas de março. O Tom de Jobim e o tal de João Bosco (disco de bolso).\nSalvador: Zen Produtora, 1972 (fragmento). dos esportes.\nE formação de grupos em comunidades virtuais para a\nTEXTO II\nprática esportiva.\nA inspiração súbita e certeira do compositor serve\nQuestão 14\nainda de exemplo do lema antigo: nada vem do nada.\nTEXTO I\nPara ninguém, nem mesmo para Tom Jobim. Duas\nfontes são razoavelmente conhecidas. A primeira é o\npoema O caçador de esmeraldas, do mestre parnasiano\nOlavo Bilac: “Foi em março, ao findar da chuva,\nquase à entrada/ do outono, quando a terra em sede\nrequeimada/ bebera longamente as águas da estação\n[...]”. E a outra é um ponto de macumba, gravado com\nsucesso por J. B. Carvalho, do Conjunto Tupi: “É pau, é\npedra, é seixo miúdo, roda a baiana por cima de tudo”.\nCombinar Olavo Bilac e macumba já seria bom; mas o\nque se vê em Águas de março vai muito além: tudo se\ntransforma numa outra coisa e numa outra música, que\nrecompõem o mundo para nós.\nNESTROVSKI, A. O samba mais bonito do mundo. In: Três canções de Tom Jobim.\nSão Paulo: Cosac Naify, 2004.\nAo situar a composição no panorama cultural brasileiro, o\nTexto II destaca o(a)\nA diálogo que a letra da canção estabelece com HIRST, D. Mother and Child. Bezerro dividido em duas partes: 1029 x\ndiferentes tradições da cultura nacional. 1689 x 625mm, 1993 (detalhe). Vidro, aço pintado, silicone, acrílico,\nmonofilamento, aço inoxidável, bezerro e solução de formaldeído.\nB singularidade com que o compositor converte\nreferências eruditas em populares. TEXTO II\nC caráter inovador com que o compositor concebe o O grupo Jovens Artistas Britânicos (YABs), que surgiu\nprocesso de criação artística. no final da década de 1980, possui obras diversificadas\nD relativização que a letra da canção promove na que incluem fotografias, instalações, pinturas e carcaças\nconcepção tradicional de originalidade. desmembradas. O trabalho desses artistas chamou\nE resgate que a letra da canção promove de obras a atenção no final do período da recessão, por utilizar\npouco conhecidas pelo público no país. materiais incomuns, como esterco de elefantes, sangue\nQuestão 13 e legumes, o que expressava os detritos da vida e uma\nDeu vontade de jogar, mas não sabe como reunir atmosfera de niilismo, temperada por um humor mordaz.\nos amigos... Disponível em: http://damienhirst.com. Acesso em: 15 jul. 2015.\nFARTHING, S. Tudo sobre arte. Rio de Janeiro: Sextante, 2011 (adaptado).\nMuitas vezes é difícil encontrar grupos para bater\nA provocação desse grupo gera um debate em torno da\numa bola. Em função disso, estão sendo disponibilizados\nobra de arte pelo(a)\naplicativos que reúnem times e reservam espaços para\nos adeptos da paixão nacional. Num exemplo dessas A recusa a crenças, convicções, valores morais,\niniciativas, é possível organizar uma partida de futebol, estéticos e políticos na história moderna.\nse inscrever para participar de um jogo, alugar campos e B frutífero arsenal de materiais e formas que se\nquadras, convidar jogadores. O aplicativo tem dois tipos relacionam com os objetos construídos.\nde usuários: um que o usa como ferramenta de gestão C economia e problemas financeiros gerados pela\ndo grupo, convidando amigos para jogar, vendo quem recessão que tiveram grande impacto no mercado.\nconfirmou e avaliando os jogos. Outro usuário é o que D influência desse grupo junto aos estilos pós-modernos\nbusca partidas perto de onde ele está, caso de pessoas que surgiram nos anos 1990.\nque estão de passagem numa cidade. E interesse em produtos indesejáveis que revela uma\nBENEDICTO, M.; MARLI, M. Bola na rede. Retratos: consciência sustentável no mercado.\na revista do IBGE, n. 2, 2017 (adaptado).\nLC - 1° dia | Caderno 1 - AZUL - Página 8\n*010175AZ9*\nQuestão 15 Questão 16\nO suor para estar em competições nacionais e\nFomos falar com o tal encarregado, depois com um\ninternacionais de alto nível é o mesmo para homens e\nengenheiro, depois com um supervisor que mandou\nmulheres, mas não raramente as remunerações são\nmenores para elas. Se no tênis, um dos esportes mais chamar um engenheiro da nossa companhia. Esses\nequânimes em termos de gênero, todos os principais homens são da sua companhia, engenheiro, ele falou,\ntorneios oferecem prêmios idênticos nas disputas estão pedindo a conta. A companhia está empenhada\nfemininas e masculinas, no futebol a desigualdade atinge\nnessa ponte, gente, falou o engenheiro, vocês não\nseu ápice. Neymar e Marta são dois expoentes dessa\npodem sair assim sem mais nem menos. Tinha uma\npaixão nacional. Ela já foi eleita cinco vezes a melhor\nserra circular cortando uns caibros ali perto, então\njogadora do mundo pela Fifa. Ele conquistou o terceiro\nsó dava pra falar quando a serra parava, e aquilo foi\nlugar na última votação para melhor do mundo. Mas é na\nconta bancária que a diferença entre os dois se sobressai. dando nos nervos.\nFalei que a gente tinha o direito de sair quando a\ngente quisesse, e pronto. Nisso encostou um sujeito\nde paletó mas sem gravata, o engenheiro continuou\nfalando e a serra cortando. Quando ele parou de falar,\n50 Volts aproveitou uma parada da serra e falou que\na gente não era bicho pra trabalhar daquele jeito; daí\no supervisor falou que, se era falta de mulher, eles\ndavam um jeito. O engenheiro falou que tinha mais\nde vinte companhias trabalhando na ponte, a maioria\ncom prejuízo, porque era mais uma questão de honra,\na gente tinha de acabar a ponte, a nossa companhia\nnunca ia esquecer nosso trabalho ali naquela ponte,\num orgulho nacional.\nPELLEGRINI, D. A maior ponte do mundo. In:\nMelhores contos. São Paulo: Global, 2005.\nAs reivindicações dos operários, quanto às condições\nDisponível em: http://apublica.org. Acesso em: 9 ago. 2017 (adaptado).\naviltantes de trabalho a que são submetidos, recebem\nO esporte é uma manifestação cultural na qual se\nalgumas tentativas de neutralização dos representantes\nestabelecem relações sociais. Considerando o texto, o\ndo empregador, das quais a mais forte é o(a)\nfutebol é uma modalidade que\nA apresenta proximidades com o tênis, no que tange às A sequência de atribuição de responsabilidades e de\nrelações de gênero entre homens e mulheres.\npoder decisório a terceiros.\nB se caracteriza por uma identidade masculina no\nB solicitação em nome dos prejuízos e compromissos\nBrasil, conferindo maior remuneração aos jogadores.\nC traz remunerações, aos jogadores e jogadoras, para entrega da obra.\nproporcionais aos seus esforços no treinamento C intimidação pela discreta presença de um agente de\nesportivo.\nsegurança na cena.\nD resulta em melhor eficiência para as mulheres e,\nD promessa de imediato atendimento da carência\nconsequentemente, em remuneração mais alta às\njogadoras. sexual dos operários.\nE possui jogadores e jogadoras com a mesma\nE apelo pela identificação com a empresa extensiva ao\nvisibilidade, apesar de haver expoentes femininas de\namor patriótico.\ndestaque, como Marta.\nLC - 1° dia | Caderno 1 - AZUL - Página 9\n*010175AZ10*\nQuestão 17 No poema, a descrição lírica do objeto representado é\nUma das mais contundentes críticas ao discurso orientada por um olhar que\nda aptidão física relacionada à saúde está no caráter\nA desvela sentimentos de vazio e angústia sob a\neminentemente individual de suas propostas, o que\nserve para obscurecer outros determinantes da saúde. aparente austeridade.\nOu seja, costuma-se apresentar o indivíduo como o B expressa desilusão ante a possibilidade de superação\nproblema e a mudança do estilo de vida como a solução. do sofrimento.\nArgumenta-se ainda que o movimento da aptidão física C contrapõe a fragilidade emocional ao uso desmedido\nrelacionada à saúde considera a existência de uma\nda força física.\ncultura homogênea na qual todos seriam livres para\nD associa a incomunicabilidade emocional às\nescolher seus estilos de vida, o que não condiz com a\nrealidade. O fato é que vivemos numa sociedade dividida determinações culturais.\nem classes sociais, na qual nem todas as pessoas têm E privilegia imagens relacionadas à exposição do\ncondições econômicas para adotar um estilo de vida ativo dinamismo urbano.\ne saudável. Há desigualdades estruturais com raízes\nQuestão 19\npolíticas, econômicas e sociais que dificultam a adoção\ndesses estilos de vida. Senhor Juiz\nFERREIRA, M. S. Aptidão física e saúde na educação física escolar: ampliando o enfoque.\nO instrumento do “crime” que se arrola\nRBCE, n. 2, jan. 2001 (adaptado).\nCom base no texto, a relação entre saúde e estilos de vida\nNesse processo de contravenção\nA constrói a ideia de que a mudança individual de\nNão é faca, revólver ou pistola,\nhábitos promove a saúde.\nB considera a homogeneidade da escolha de hábitos Simplesmente, doutor, é um violão.\nsaudáveis pelos indivíduos.\nSerá crime, afinal, será pecado,\nC reforça a necessidade de solucionar os problemas de\nsaúde da sociedade com a prática de exercícios. Será delito de tão vis horrores,\nD problematiza a organização social e seu impacto na Perambular na rua um desgraçado\nmudança de hábitos dos indivíduos.\nDerramando nas praças suas dores?\nE reproduz a noção de que a melhoria da aptidão física\npela prática de exercícios promove a saúde.\nMande, pois, libertá-lo da agonia\nQuestão 18\n(a consciência assim nos insinua)\nRetrato de homem\nNão sufoque o cantar que vem da rua,\nA paisagem estrita\nao apuro do muro Que vem da noite para saudar o dia.\nfeito vértebra a vértebra\ne escuro. É o apelo que aqui lhe dirigimos,\nA geração dos pelos\nNa certeza do seu acolhimento\nsobre a casca e os rostos\nem seus diques de sombra Juntada desta aos autos nós pedimos\nrepostos.\nE pedimos, enfim, deferimento.\nOs poços com seu lodo\nDisponível em: www.migalhas.com.br.\nde ira e de tensão:\nAcesso em: 23 set. 2020 (adaptado).\nentre cimento e fronte\n— um vão. Essa petição de habeas corpus, ao transgredir o rigor da\nlinguagem jurídica,\nAs setas se atiram\nàs margens de ninguém,\nA permite que a narrativa seja objetiva e repleta de\nilesas a si mesmas\nretêm. sentidos denotativos.\nCompassos de evasão B mostra que o cordel explora termos próprios da esfera\nentre falange e rua do direito.\nsondando a solitude C demonstra que o jogo de linguagem proposto atenua\nnua.\na gravidade do delito.\nE na armadura de coisa\nsalobra, um só segredo: D exemplifica como o texto em forma de cordel\na polpa toda é fruição compromete a solicitação pretendida.\nde medo. E esclarece que os termos “crime” e “processo de\nARAÚJO, L. C. Cantochão. Belo Horizonte: Imprensa Publicações — Governo do Estado\nde Minas Gerais, 1967. contravenção” são sinônimos.\nLC - 1° dia | Caderno 1 - AZUL - Página 10\n*010175AZ11*\nQuestão 20 O fragmento faz parte da canção brasileira contemporânea\ne celebra a cultura popular nordestina. Nele, o artista\nPor que a indústria do empreendedorismo de palco\nexalta as diferentes manifestações culturais pela\nirá destruir você\nSe, antigamente, os livros, enormes e com suas A valorização do teatro, música, artesanato, literatura,\nsetecentas páginas, cuspiam fórmulas, equações e dança, personagens históricos e artistas populares,\ncálculos que te ensinavam a lidar com o fluxo de caixa compondo um tecido diversificado e enriquecedor da\nda sua empresa, hoje eles dizem: “Você irá chegar lá! cultura popular como patrimônio regional e nacional.\nAcredite, você irá vencer!”. B identificação dos lugares pernambucanos,\nMindset, empoderamento, millennials, networking, manifestações culturais, como o bumba meu boi, as\ncoworking, deal, business, deadline, salesman com cirandas, os bonecos mamulengos e heróis locais,\nperfil hunter… tudo isso faz parte do seu vocabulário. fazendo com que essa canção se apresente como\nO pacote de livros é sempre idêntico e as experiências\numa referência à cultura popular nordestina.\nsão passadas da mesma forma: você está a um único C exaltação das raízes populares, como a poesia, a\ncentímetro da vitória. Não pare!\nliteratura de cordel e o frevo, misturadas ao erudito,\nSe desistir agora, será para sempre. Tome, leia a\ncomo a Orquestra Armorial, compondo um rico tecido\nestratégia do oceano azul. Faça mais uma mentoria,\ncultural, que transforma o popular em erudito.\nparticipe de mais uma sessão de coaching. O problema\nD caracterização das festas populares como identidade\né que o seu mindset não está ajustado. Você precisa\ncultural localizada e como representantes de uma\nser mais proativo. Vamos fazer mais um powermind ? Eu\ncultura que reflete valores históricos e sociais próprios\nconsigo um precinho bacana para você…\nda população local.\nCARVALHO, Í. C. Disponível em: https://medium.com.\nAcesso em: 17 ago. 2017 (adaptado). E apresentação do Pastoril do Faceta, do maracatu, do\nDe acordo com o texto, é possível identificar o bumba meu boi e dos autos como representação da\n“empreendedor de palco” por musicalidade e do teatro popular religioso, bastante\ncomum ao folclore brasileiro.\nA livros por ele indicados.\nQuestão 22\nB suas habilidades em língua inglesa.\nC experiências por ele compartilhadas.\nD padrões de linguagem por ele utilizados.\nE preços acessíveis de seus treinamentos.\nQuestão 21\nSou o coração do folclore nordestino\nEu sou Mateus e Bastião do Boi-bumbá\nSou o boneco de Mestre Vitalino\nDançando uma ciranda em Itamaracá\nEu sou um verso de Carlos Pena Filho\nNum frevo de Capiba\nAo som da Orquestra Armorial\nSou Capibaribe\nNum livro de João Cabral\nSou mamulengo de São Bento do Una\nDisponível em: www.facebook.com/ministeriodoesporte. Acesso em: 7 dez. 2017.\nVindo no baque solto de maracatu\nEsse anúncio publicitário propõe soluções para um\nEu sou um auto de Ariano Suassuna problema social recorrente, ao\nNo meio da Feira de Caruaru A promover ações de conscientização para reduzir a\nSou Frei Caneca do Pastoril do Faceta\nviolência de gênero em eventos esportivos.\nLevando a flor da lira B estimular o compartilhamento de políticas públicas\nPra Nova Jerusalém sobre a igualdade de gênero no esporte.\nSou Luiz Gonzaga C divulgar para a população as novas regras\nE sou do mangue também complementares para as torcidas de futebol.\nEu sou mameluco, sou de Casa Forte D informar ao público masculino as consequências de\ncondutas ofensivas.\nSou de Pernambuco, sou o Leão do Norte\nE regulamentar normas de boa convivência nos\nLENINE; PINHEIRO, P.C. Leão do Norte. In: LENINE; SUZANO, M. Olho de peixe.\nestádios.\nSão Paulo: Velas, 1993 (fragmento).\nLC - 1° dia | Caderno 1 - AZUL - Página 11\n*010175AZ12*\nQuestão 23 Questão 25\nEu tenho empresas e sou digno do visto para ir a\nNova York. O dinheiro que chove em Nova York é para\npessoas com poder de compra. Pessoas que tenham\num visto do consulado americano. O dinheiro que chove\nem Nova York também é para os nova-iorquinos. São\nmilhares de dólares. [...] Estou indo para Nova York, onde\nestá chovendo dinheiro. Sou um grande administrador.\nSim, está chovendo dinheiro em Nova York. Deu no rádio.\nVejo que há pedestres invadindo a via onde trafega o\nmeu carro vermelho, importado da Alemanha. Vejo que\nhá carros nacionais trafegando pela via onde trafega o\nmeu carro vermelho, importado da Alemanha. Ao chegar\nem Nova York, tomarei providências.\nSANT’ANNA, A. O importado vermelho de Noé. In: MORICONI, I. (Org.).\nOs cem melhores contos. Rio de Janeiro: Objetiva, 2001. KOSUTH, J. One and Three Chairs. Museu Reina Sofia, Espanha, 1965.\nDisponível em: www.museoreinasofia.es. Acesso em: 4 jun. 2018 (adaptado).\nAs repetições e as frases curtas constituem procedimentos\nA obra de Joseph Kosuth data de 1965 e se constitui por\nlinguísticos importantes para a compreensão da temática\numa fotografia de cadeira, uma cadeira exposta e um\ndo texto, pois\nquadro com o verbete “Cadeira”. Trata-se de um exemplo\nA expressam a futilidade do discurso de poder e de de arte conceitual que revela o paradoxo entre verdade e\ndistinção do narrador. imitação, já que a arte\nB disfarçam a falta de densidade das angústias A não é a realidade, mas uma representação dela.\nB fundamenta-se na repetição, construindo variações.\nexistenciais narradas.\nC não se define, pois depende da interpretação do fruidor.\nC ironizam a valorização da cultura norte-americana\nD resiste ao tempo, beneficiada por múltiplas formas\npelos brasileiros.\nde registro.\nD explicitam a ganância financeira do capitalismo E redesenha a verdade, aproximando-se das\ncontemporâneo. definições lexicais.\nE criticam os estereótipos sociais das visões de mundo Questão 26\nelitistas.\nQuestão 24\nDECRETO N. 28 314, DE 28 DE SETEMBRO DE 2007\nDemite o Gerúndio do Distrito Federal\ne dá outras providências.\nO GOVERNADOR DO DISTRITO FEDERAL, no uso\ndas atribuições que lhe confere o artigo 100, incisos VII\ne XXVI, da Lei Orgânica do Distrito Federal, DECRETA:\nDisponível em: www.iotforall.com. Acesso em: 22 jun. 2018.\nArt. 1° Fica demitido o Gerúndio de todos os órgãos do A realidade virtual é uma tecnologia de informação que,\nGoverno do Distrito Federal. conforme sugere a imagem, tem como uma de suas\nArt. 2° Fica proibido, a partir desta data, o uso do gerúndio principais funções\npara desculpa de INEFICIÊNCIA. A promover a manipulação eficiente de conhecimentos\nArt. 3° Este Decreto entra em vigor na data de sua\ne informações de difícil compreensão no mundo\npublicação.\nfísico.\nArt. 4º Revogam-se as disposições em contrário. B conduzir escolhas profissionais da área de ciência\nBrasília, 28 de setembro de 2007. da computação, oferecendo um leque de opções de\n119º da República e 48º de Brasília atuação.\nDisponível em: www.dodf.gov.br. Acesso em: 11 dez. 2017. C transferir conhecimento da inteligência artificial para\nEsse decreto pauta-se na ideia de que o uso do gerúndio, as áreas tradicionais, como as das ciências exatas e\ncomo “desculpa de ineficiência”, indica naturais.\nA conclusão de uma ação. D levar o ser humano a experimentar mentalmente\noutras realidades, para as quais é transportado sem\nB realização de um evento.\nsair de seu próprio lugar.\nC repetição de uma prática. E delimitar tecnologias exclusivas de jogos virtuais, a\nD continuidade de um processo. fim de oferecer maior emoção ao jogador por meio de\nE transferência de responsabilidade. outras realidades.\nLC - 1° dia | Caderno 1 - AZUL - Página 12\n*010175AZ13*\nQuestão 27 A “flauta envolvente” da música é um trecho da Partita\nem Lá menor, escrita pelo alemão Johann Sebastian\nCaminhando contra o vento,\nBach por volta de 1723.\nSem lenço e sem documento\nDisponível em: https://g1.globo.com. Acesso em: 6 jun. 2018 (adaptado).\nNo sol de quase dezembro\nA incorporação de um trecho da obra para flauta solo de\nEu vou\nJohann Sebastian Bach na música de MC Fioti demonstra a\nO sol se reparte em crimes\nA influência permanente da cultura eurocêntrica nas\nEspaçonaves, guerrilhas\nproduções musicais brasileiras.\nEm cardinales bonitas\nB homenagem aos referenciais estéticos que deram\nEu vou\norigem às produções da música popular.\nEm caras de presidentes C necessidade de divulgar a música de concerto nos\nEm grandes beijos de amor\nmeios populares nas periferias das grandes cidades.\nEm dentes, pernas, bandeiras\nD utilização desintencional de uma música\nBombas e Brigitte Bardot\nexcessivamente distante da realidade cultural dos\nO sol nas bancas de revista\njovens brasileiros.\nMe enche de alegria e preguiça\nE inter-relação de elementos culturais vindos de\nQuem lê tanta notícia\nrealidades distintas na construção de uma nova\nEu vou\nproposta musical.\nVELOSO, C. Alegria, alegria. In: Caetano Veloso.\nSão Paulo: Phillips, 1967 (fragmento).\nQuestão 29\nÉ comum coexistirem sequências tipológicas em um\nmesmo gênero textual. Nesse fragmento, os tipos textuais Seu delegado\nque se destacam na organização temática são\nEu sou viúvo e tenho um filho homem\nA descritivo e argumentativo, pois o enunciador detalha\nArrumei uma viúva e fui me casar\ncada lugar por onde passa, argumentando contra a\nA minha sogra era muito teimosa\nviolência urbana.\nB dissertativo e argumentativo, pois o enunciador Com o meu filho foi se matrimoniar\napresenta seu ponto de vista sobre as notícias Desse matrimônio nasceu um garoto\nrelativas à cidade.\nDesde esse dia que eu ando é louco\nC expositivo e injuntivo, pois o enunciador fala de\nEsse garoto é filho do meu filho\nseus estados físicos e psicológicos e interage com a\nmulher amada. E o filho da minha sogra é irmão da minha mulher\nD narrativo e descritivo, pois o enunciador conta sobre Ele é meu neto e eu sou cunhado dele\nsuas andanças pelas ruas da cidade ao mesmo\nA minha nora é minha sogra\ntempo que a descreve.\nMeu filho meu sogro é\nE narrativo e injuntivo, pois o enunciador ensina\nNessa confusão já nem sei quem sou\no interlocutor como andar pelas ruas da cidade\ncontando sobre sua própria experiência. Acaba esse garoto sendo meu avô.\nQuestão 28 TRIO FORROZÃO. Agitando a rapaziada.\nRio de Janeiro: Natasha Records, 2009.\nLeandro Aparecido Ferreira, o MC Fioti, compôs em\nNessa letra da canção, a suposição do último verso\n2017 a música Bum bum tam tam, que gerou, em nove\nmeses, 480 milhões de visualizações no YouTube. É o sinaliza a intenção do autor de\nfunk brasileiro mais ouvido na história do site.\nA ironizar as relações familiares modernas.\nA partir de uma gravação da flauta que achou na\ninternet, MC Fioti fez tudo sozinho: compôs, cantou e B reforçar o humor da situação representada.\nproduziu em uma noite só. “Comecei a pesquisar alguns\nC expressar perplexidade em relação ao parente.\ntipos de flauta, coisas antigas. E nisso eu achei a ‘flautinha\ndo Sebastian Bach’”, conta. A descoberta foi por acaso: D atribuir à criança a causa da dúvida existencial.\nFioti não sabia quem era o músico alemão e não sabe\nE questionar os lugares predeterminados da família.\ntocar o instrumento.\nLC - 1° dia | Caderno 1 - AZUL - Página 13\n*010175AZ14*\nQuestão 30 semelhante. Simpson foi encaminhada para casa após\ndois dias e passou a tomar medicamentos regulares.\nAo Washington Post, ela contou que estava quase\ninconsolável após a perda do seu animal de estimação,\num cão da raça yorkshire terrier. Recuperada após cerca\nde um ano, ela diz que não abrirá mão de ter um animal\nde estimação porque aprecia a companhia e o amor que\nos cachorros dão aos humanos. O caso aconteceu em\nHouston, nos Estados Unidos.\nDisponível em: https://exame.abril.com.br. Acesso em: 1 dez. 2017.\nPelas características do texto lido, que trata das\nconsequências da perda de um animal de estimação,\nconsidera-se que ele se enquadra no gênero\nA conto, pois exibe a história de vida de Joanie Simpson.\nB depoimento, pois expõe o sofrimento da dona do\nanimal.\nC reportagem, pois discute cientificamente a\ncardiomiopatia.\nDisponível em: www.bhaz.com.br. Acesso em: 14 jun. 2018.\nD relato, pois narra um fato estressante vivido pela\nEssa campanha de conscientização sobre o assédio\npaciente.\nsofrido pelas mulheres nas ruas constrói-se pela E notícia, pois divulga fatos sobre a síndrome do\ncombinação da linguagem verbal e não verbal. A imagem\ncoração partido.\nda mulher com o nariz e a boca cobertos por um lenço é\nQuestão 32\na representação não verbal do(a)\nChiquito tinha quase trinta quando conheceu Mariana\nA silêncio imposto às mulheres, que não podem\nnum baile de casamento na Forquilha, onde moravam\ndenunciar o assédio sofrido.\nuns parentes dele. Por lá foi ficando, remanchando. Fez\nB metáfora de que as mulheres precisam defender-se mal à moça, como costumavam dizer, tiveram de casar às\ndo assédio masculino. pressas. Morou uns tempos com o sogro, descombinaram.\nC constrangimento pelo qual passam as mulheres e Foi só conta de colher o milho e vender. Mudou pra casa\nsua tentativa de esconderem-se. do velho Chico Lourenço [seu pai]. Fumaça própria só viu\nsubir um par de anos depois, quando o pai repartiu as\nD necessidade que as mulheres têm de passarem\nterras. De tão parecidos, pai e filho nunca combinaram\ndespercebidas para evitar o assédio.\ndireito. Cada qual mais topetudo, muitas vezes dona\nE incapacidade de as mulheres protegerem-se da\nAparecida ouvia o marido reclamar da natureza forte do\nagressão verbal dos assediadores.\nfilho. Ela escutava com paciência e respondia dum jeito\nQuestão 31\nsempre igual:\nMulher tem coração clinicamente partido após morte\n— “Quem herda, não rouba”.\nde cachorro\nVinha um brilho nos olhos, o velho se acalmava.\nComo explica o The New England Journal of\nROMANO, O. Casos de Minas. Rio de Janeiro: Paz e Terra, 1982.\nMedicine, a paciente, chamada Joanie Simpson, tinha\nsinais de infarto, como dores no peito e pressão alta, Os ditados populares são frases de sabedoria criadas\ne apresentava problemas nas artérias coronárias. Ao pelo povo, utilizadas em várias situações da vida. Nesse\nfazerem um ecocardiograma, os médicos encontraram o texto, a personagem emprega um ditado popular com a\nproblema: cardiomiopatia de Takotsubo, conhecida como intenção de\nsíndrome do coração partido.\nA criticar a natureza forte do filho.\nEssa condição médica tipicamente acontece com\nmulheres em fase pós-menstrual e pode ser precedida B justificar o gênio difícil de Chiquito.\npor um evento muito estressante ou emotivo. Nesses C legitimar o direito do filho à herança.\ncasos, o coração apresenta um movimento discinético\nD conter o ânimo violento de Chico Lourenço.\ntransitório da parede anterior do ventrículo esquerdo, com\nacentuação da cinética da base ventricular, de acordo E condenar a agressividade do marido contra o filho.\ncom um artigo médico brasileiro que relata um caso\nLC - 1° dia | Caderno 1 - AZUL - Página 14\n*010175AZ15*\nQuestão 33 Questão 34\nTEXTO I A vida às vezes é como um jogo brincado na rua:\nestamos no último minuto de uma brincadeira bem quente\nPoesia em cartaz\ne não sabemos que a qualquer momento pode chegar um\nO caminho habitual para o trabalho, aquele em que\nmais velho a avisar que a brincadeira já acabou e está na\na gente já nem repara direito, pode ficar mais belo com hora de jantar. A vida afinal acontece muito de repente\num poema. O projeto #UmLambePorDia nasceu desta — nunca ninguém nos avisou que aquele era mesmo o\nintenção: trazer mais cor e alegria para a cidade por meio último Carnaval da Vitória. O Carnaval também chegava\nde cartazes coloridos ao estilo lambe-lambe. Quem teve sempre de repente. Nós, as crianças, vivíamos num tempo\na ideia foi o escritor Leonardo Beltrão, em Belo Horizonte. fora do tempo, sem nunca sabermos dos calendários de\nverdade. [...] O “dia da véspera do Carnaval”, como dizia\n“Em meio a olhares cada vez mais viciados, acabamos\na avó Nhé, era dia de confusão com roupas e pinturas a\nnos esquecendo da beleza envolvida em cada esquina\nserem preparadas, sonhadas e inventadas. Mas quando\ne no próprio poder transformador da palavra”. Assim, a\nacontecia era um dia rápido, porque os dias mágicos\ncada dia um cartaz é colocado por aí, para nos lembrar de\npassam depressa deixando marcas fundas na nossa\nreparar na cidade, na vida que corre ao redor e também memória, que alguns chamam também de coração.\nem nós mesmos. ONDJAKI. Os da minha rua. Rio de Janeiro: Língua Geral, 2007.\nAs significações afetivas engendradas no fragmento\nTEXTO II\npressupõem o reconhecimento da\nA perspectiva infantil assumida pela voz narrativa.\nB suspensão da linearidade temporal da narração.\nC tentativa de materializar lembranças da infância.\nD incidência da memória sobre as imagens narradas.\nE alternância entre impressões subjetivas e relatos\nfactuais.\nQuestão 35\nEm 2000 tivemos a primeira experiência do futebol\nfeminino em um jogo de videogame, o Mia Hamm\nSoccer. Doze anos depois, uma petição on-line pedia\nque a EA Sports incluísse o futebol feminino no Fifa 13.\nContudo, só em 2015, com uma nova petição on-line,\nque arrecadou milhares de assinaturas, tivemos o futebol\nfeminino incluído no Fifa 16. Vendo um nicho de mercado\ninexplorado, a EA Sports produziu o jogo com 12 seleções\nfemininas e o apresentou como inovação. A empresa sabe\nque mais de 40% dos praticantes de futebol nos EUA são\nmeninas. Para elas, ver o futebol feminino representado\nem um jogo de videogame é extremamente importante.\nTer o futebol feminino no Fifa 16 é um grande passo para\nDisponível em: www.vidasimples.uol.com.br. Acesso em: 6 dez. 2017 (adaptado). a sua popularização na luta pela igualdade de gênero,\nnum contexto machista, sexista, misógino e homofóbico.\nConsiderando-se a função que os cartazes colados em\nDisponível em: www.ludopedio.com.br. Acesso em: 5 jun. 2018 (adaptado).\npostes normalmente exercem nas ruas das cidades\ngrandes, esse texto evidencia a Os jogos eletrônicos presentes na cultura juvenil podem\ndesempenhar uma relevante função na abordagem do\nA disseminação da arte poética em um veículo não futebol ao\nconvencional. A disseminarem uma modalidade, promovendo a\nB manutenção da expectativa das pessoas ao andarem igualdade de gênero.\npelas ruas. B superarem jogos malsucedidos no mercado, lançados\nanteriormente.\nC necessidade de exposição de poemas pequenos em\nC inovarem a modalidade com novas ofertas de jogos\ndiferentes suportes.\nao mercado.\nD característica corriqueira do suporte lambe-lambe, D explorarem nichos de mercado antes ignorados,\nmuito comum nas ruas. produzindo mais lucro.\nE exposição da beleza escondida das esquinas da E reforçarem estereótipos de gênero masculino ou\ncidade de Belo Horizonte. feminino nos esportes.\nLC - 1° dia | Caderno 1 - AZUL - Página 15\n*010175AZ16*\nQuestão 36 Questão 38\nLUTA: prática corporal imprevisível, caracterizada por\nRelatos de viagem: nas curvas da Nacional 222,\ndeterminado estado de contato proposital, que possibilita\na duas ou mais pessoas se enfrentarem numa constante em Portugal\ntroca de ações ofensivas e/ou defensivas, regida por\nregras, com o objetivo mútuo sobre um alvo móvel Em abril deste ano, fomos a Portugal para uma\npersonifi cado no oponente. viagem de um mês que esperávamos há um ano. Pois\nGOMES, M. S. P. et al. Ensino das lutas: dos princípios condicionais aos grupos situacionais. no dia 4 de maio, chegávamos ao Aeroporto Francisco\nMovimento, n. 2, abr.-jun. 2010 (adaptado).\nSá Carneiro, no Porto. Que linda a “antiga, muy nobre,\nDe acordo com o texto, podemos identifi car uma\nabordagem das lutas nas aulas de educação física sempre leal e invicta” cidade do Porto! “Encantei-me”,\nquando o professor realiza uma proposta envolvendo\ndiriam eles... pelas belas paisagens, construções\nA contato corporal intenso entre o aluno e seu oponente. históricas com lindas fachadas, parques e praças muito\nB contenda entre os alunos que se agridem fi sicamente. bem cuidados.\nC confronto corporal em que os vencedores são\nOs tripeiros, sinônimo de portuenses, têm\npreviamente identifi cados.\nD combate corporal intencional com ações orgulho de sua cidade, apelidada de Invicta — nunca\nregulamentadas entre os oponentes. foi invadida. E valorizam tudo o que há de bom ali,\nE confl ito resolvido pelos alunos por meio de regras como “a melhor estrada para se dirigir do mundo”, a\npreviamente estabelecidas.\nNacional 222.\nQuestão 37\nO conceito de saúde formulado na histórica VIII Pois na manhã do 25 de abril, dia da Revolução\nConferência Nacional de Saúde, no ano de 1986, fi cou dos Cravos, resolvemos conhecer a tal maravilha.\nconhecido como um “conceito ampliado” de saúde,\nA cada 10 km tínhamos que encostar: corríamos,\nconforme ilustrado na fi gura. Esse conceito foi fruto de\nintensa mobilização em diversos países da América dançávamos, tomávamos chocolate quente, sopa, tudo\nLatina nas décadas de 1970 e 1980, como resposta à\nque fosse quentinho. E lá íamos para mais uma etapa.\ncrise dos sistemas públicos de saúde.\nUma aventura deliciosa. Depois de três horas — mais\nou menos o dobro do tempo necessário, não fossem\nC o n d a i g ç P a õ r r l í e E i o c m s d d o e u u l S a n c ç d o a t ã e e o ç c o t A s d ã r i a m o o e b b a e i l e h n c o te R o E D n E S ô S C m O ES o TIL C e n O i s c D I d h d e A E i x e a e V ç I o r S I I õ s D e t d r e A d e a , a E i D s d f t b C a O á e C d a S t r , o u i l O e IN o h r D M e l s o v IV t s Í i D U u d UO S N a r I a T Á i R D s IA e S s e e m A p Á r m e e g g s H u d o b S g s a a e e i o b o e e r t s i c n v o t a a i i t a ç ú a ç i o i ã d s s o s e G e r a is N e h e a C x i s s e o s p s s n t p e ó l s g o a r e e r p i r c a l r a a a ç o t d e d ã c D a x d o o e is s t o p s d o o , d i n , p m p í m v e a e o b e l r a v e u a n u m s o s t m : o c a h m p t a a t q p a a o - s u r : s r r / v g / e a t o e o u g u c v lo z g i m i b s m l u o h e e . e g ê e a d l n o x s n d b u t t . o t o a e z o .c s t O r i o i r n m v — e a . o o t A r i , c n é e e s s l c v c e o so h i h i b c t e e o o t r m o e g r : s q 6 a ! d u p a m e e o z o . r i 2 d s e 01 e m v 7 a n i ( e d a t d i i e c d o a a p n a ta s c d d d a i o e a a ) ! .\nA “Que linda a ‘antiga, muy nobre, sempre leal e invicta’\ncidade do Porto!”.\nB “‘Encantei-me’, diriam eles... pelas belas paisagens,\nBATISTELLA, C. Abordagens contemporâneas do conceito de saúde.\nDisponível em: www.dihs.ensp.fi ocruz.br. Acesso em: 23 set. 2020. construções históricas com lindas fachadas [...]”.\nCom base no conceito apresentado no texto, a saúde é C “Os tripeiros, sinônimo de portuenses, têm orgulho de\nconsequência direta do(a)\nsua cidade [...]”.\nA adoção de um estilo de vida ativo por parte dos\nindivíduos. D “E valorizam tudo o que há de bom ali, como ‘a melhor\nB disponibilidade de emprego no mercado de trabalho. estrada para se dirigir do mundo’ [...]”.\nC condição habitacional presente nas cidades.\nE “Pois na manhã do 25 de abril, dia da Revolução dos\nD acesso ao sistema educacional.\nE forma de organização social. Cravos, resolvemos conhecer a tal maravilha”.\nLC - 1° dia | Caderno 1 - AZUL - Página 16\n*010175AZ17*\nQuestão 39 Questão 41\nHino à Bandeira Policarpo Quaresma, cidadão brasileiro, funcionário\npúblico, certo de que a língua portuguesa é emprestada\nEm teu seio formoso retratas\nao Brasil; certo também de que, por esse fato, o\nEste céu de puríssimo azul,\nfalar e o escrever em geral, sobretudo no campo das\nA verdura sem par destas matas,\nE o esplendor do Cruzeiro do Sul. letras, se veem na humilhante contingência de sofrer\ncontinuamente censuras ásperas dos proprietários da\nContemplando o teu vulto sagrado,\nlíngua; sabendo, além, que, dentro do nosso país, os\nCompreendemos o nosso dever,\nautores e os escritores, com especialidade os gramáticos,\nE o Brasil por seus filhos amado,\nPoderoso e feliz há de ser! não se entendem no tocante à correção gramatical,\nvendo-se, diariamente, surgir azedas polêmicas entre os\nSobre a imensa Nação Brasileira,\nmais profundos estudiosos do nosso idioma — usando\nNos momentos de festa ou de dor,\ndo direito que lhe confere a Constituição, vem pedir que\nPaira sempre sagrada bandeira\no Congresso Nacional decrete o tupi-guarani como língua\nPavilhão da justiça e do amor!\noficial e nacional do povo brasileiro.\nBILAC, O.; BRAGA, F. Disponível em: www2.planalto.gov.br.\nAcesso em: 10 dez. 2017 (fragmento). BARRETO, L. Triste fim de Policarpo Quaresma.\nDisponível em: www.dominiopublico.gov.br. Acesso em: 26 jun. 2012.\nNo Hino à Bandeira, a descrição é um recurso utilizado\npara exaltar o símbolo nacional na medida em que Nessa petição da pitoresca personagem do romance de\nLima Barreto, o uso da norma-padrão justifica-se pela\nA remete a um momento futuro.\nA situação social de enunciação representada.\nB promove a união dos cidadãos.\nB divergência teórica entre gramáticos e literatos.\nC valoriza os seus elementos.\nC pouca representatividade das línguas indígenas.\nD emprega termos religiosos.\nD atitude irônica diante da língua dos colonizadores.\nE recorre à sua história.\nE tentativa de solicitação do documento demandado.\nQuestão 40\nQuestão 42\n— O senhor pensa que eu tenho alguma fábrica de\ndinheiro? (O diretor diz essas coisas a ele, mas olha Atualmente os jovens estão imersos numa sociedade\npara todos como quem quer dar uma explicação a todos. permeada pela tecnologia. Nesse contexto, os jogos\ndigitais são artefatos muito empregados. Videogames\nTodas as caras sorriem.) Quando seu filho esteve doente,\nativos ou exergames foram introduzidos como forma\neu o ajudei como pude. Não me peça mais nada. Não me\nde permitir que o corpo controlasse tais jogos. Como\nencarregue de pagar as suas contas: já tenho as minhas,\nresultado, passaram a ser vistos como uma ferramenta\ne é o que me basta... (Risos.)\nauxiliar na adoção de um estilo de vida menos sedentário,\nO diretor tem o rosto escanhoado, a camisa limpa. A com efeitos positivos sobre a saúde. Tem-se defendido\npalavra possui um tom educado, de pessoa que convive que os exergames podem contribuir para a prática regular\ncom gente inteligente, causeuse. O rosto do Dr. Rist de atividade física moderada, bem como promover a\ninteração entre jogadores, reduzindo o sentimento de\nresplandece, vermelho e glabro. Um que outro tem os\nisolamento social. Por outro lado, argumenta-se que os\nolhos no chão, a atitude discreta.\nexergames não podem substituir a experiência real das\nNaziazeno espera que ele lhe dê as costas, vá reatar práticas corporais, pois não motivam a longo prazo a\na palestra interrompida, aquelas observações sobre a prática permanente de atividades físicas.\nquestão social, comunismo e integralismo.\nFINCO, M. D.; REATEGUI, E. B.; ZARO, M. A. Laboratório de exergames: um espaço\ncomplementar para as aulas de educação física. Movimento, n. 3, 2015 (adaptado).\nMACHADO, D. Os ratos. São Paulo: Círculo do Livro, s/d.\nPela sua interatividade, os exergames apresentam-se\nA ficção modernista explorou tipos humanos em situação\ncomo possibilidade para estimular o(a)\nde conflito social. No fragmento do romancista gaúcho,\nesse conflito revela a A exercitação física, promovendo a saúde.\nA sujeição moral amplificada pela pobreza. B vivência de exercícios físicos sistemáticos.\nB crise econômica em expansão nas cidades. C envolvimento com atividades físicas ao longo da vida.\nC falta de diálogo entre patrões e empregados. D jogo por meio de comandos fornecidos pelo videogame.\nD perspicácia marcada pela formação intelectual. E disputa entre jogadores, contribuindo para o\nE tensão política gerada pelas ideologias vigentes. individualismo.\nLC - 1° dia | Caderno 1 - AZUL - Página 17\n*010175AZ18*\nQuestão 43 Questão 45\nQuando quis agilizar o processo de seleção de Viajo Curitiba das conferências positivistas, elas\nnovos alunos, a tradicional faculdade britânica de são onze em Curitiba, há treze no mundo inteiro; do\nmedicina St. George usou um software para definir\ntocador de realejo que não roda a manivela desde que\nquem deveria ser entrevistado. Ao reproduzir a forma\no macaquinho morreu; dos bravos soldados do fogo que\ncomo os funcionários faziam essa escolha, o programa\neliminou, de cara, 60 de 2 000 candidatos. Só por causa passam chispando no carro vermelho atrás do incêndio\ndo sexo ou da origem racial, numa dedução baseada que ninguém não viu, esta Curitiba e a do cachorro-quente\nem sobrenome e local de nascimento. Um estudo sobre\ncom chope duplo no Buraco do Tatu eu viajo.\no caso foi publicado em 1988, mas, 25 anos depois,\noutra pesquisa apontou que esse tipo de discriminação Curitiba, aquela do Burro Brabo, um cidadão\nsegue firme. O exemplo recente envolve o buscador\nmisterioso morreu nos braços da Rosicler, quem foi?\ndo Google: ao digitar nomes comuns entre negros dos\nEUA, a chance de os anúncios automáticos oferecerem quem não foi? foi o reizinho do Sião; da Ponte Preta da\nchecagem de antecedentes criminais pode aumentar estação, a única ponte da cidade, sem rio por baixo, esta\n25%. E pode piorar com a pergunta “detido?” logo após a\nCuritiba viajo.\npalavra procurada.\nDisponível em: https://tab.uol.com.br. Acesso em: 11 ago. 2017 (adaptado).\nCuritiba sem pinheiro ou céu azul, pelo que vosmecê\nO texto permite o desnudamento da sociedade ao\né — província, cárcere, lar —, esta Curitiba, e não a outra\nrelacionar as tecnologias de informação e comunicação\npara inglês ver, com amor eu viajo, viajo, viajo.\ncom o(a)\nA agilidade dos softwares. TREVISAN, D. Em busca de Curitiba perdida. Rio de Janeiro: Record, 1992.\nB passar dos anos. A tematização de Curitiba é frequente na obra de Dalton\nC linguagem. Trevisan. No fragmento, a relação do narrador com o\nD preconceito. espaço urbano é caracterizada por um olhar\nE educação. A destituído de afetividade, que ironiza os costumes e\nas tradições da sociedade curitibana.\nQuestão 44\nB marcado pela negatividade, que busca desconstruir\nperspectivas habituais de representação da cidade.\nC carregado de melancolia, que constata a falta\nde identidade cultural diante dos impactos da\nurbanização.\nD embevecido pela simplicidade do cenário, indiferente\nà descrição de elementos de reconhecido valor\nhistórico.\nE distanciado dos elementos narrados, que recorre\nao ponto de vista do viajante como expressão de\nDisponível em: www.acontecendoaqui.com.br. Acesso em: 15 jun. 2018.\nestranhamento.\nNessa campanha publicitária, a imagem da família e o\ntexto verbal unem-se para reforçar a ideia de que\nA a família que adota é mais feliz.\nB a adoção tardia é muito positiva.\nC as famílias preferem adotar bebês.\nD a adoção de adolescentes é mais simples.\nE os filhos adotivos são companheiros dos pais.\nLC - 1° dia | Caderno 1 - AZUL - Página 18\n*010175AZ19*\nINSTRUÇÕES PARA A REDAÇÃO\n1. O rascunho da redação deve ser feito no espaço apropriado.\n2. O texto definitivo deve ser escrito à tinta, na folha própria, em até 30 linhas.\n3. A redação que apresentar cópia dos textos da Proposta de Redação ou do Caderno de Questões terá o número de linhas copiadas\ndesconsiderado para efeito de correção.\n4. Receberá nota zero, em qualquer das situações expressas a seguir, a redação que:\n4.1. tiver até 7 (sete) linhas escritas, sendo considerada “texto insuficiente”.\n4.2. fugir ao tema ou que não atender ao tipo dissertativo-argumentativo.\n4.3. apresentar parte do texto deliberadamente desconectada do tema proposto.\nTEXTOS MOTIVADORES\nTEXTO I\nA maior parte das pessoas, quando ouve falar em “saúde mental”, pensa em “doença mental”. Mas a saúde mental\nimplica muito mais que a ausência de doenças mentais. Pessoas mentalmente saudáveis compreendem que\nninguém é perfeito, que todos possuem limites e que não se pode ser tudo para todos. Elas vivenciam diariamente\numa série de emoções como alegria, amor, satisfação, tristeza, raiva e frustração. São capazes de enfrentar os\ndesafios e as mudanças da vida cotidiana com equilíbrio e sabem procurar ajuda quando têm dificuldade em lidar\ncom conflitos, perturbações, traumas ou transições importantes nos diferentes ciclos da vida. A saúde mental de\numa pessoa está relacionada à forma como ela reage às exigências da vida e ao modo como harmoniza seus\ndesejos, capacidades, ambições, ideias e emoções. Todas as pessoas podem apresentar sinais de sofrimento\npsíquico em alguma fase da vida.\nDisponível em: http://www.saude.pr.gov.br. Acesso em: 27 jul. 2020 (adaptado).\nTEXTO II TEXTO III\nA origem da palavra “estigma” aponta para marcas ou cicatrizes\ndeixadas por feridas. Por extensão, em um período que remonta\nSOCORRO,\nà Grécia Antiga, passou a designar também as marcas feitas com\nBRASIL!\nferro em brasa em criminosos, escravos e outras pessoas que se\nSaiba mais sobre o problema de\ndesejava separar da sociedade “correta” e “honrada”. Essa mesma saúde que afeta mais de1 em\ncada 20 pessoas, mas que\npalavra muitas vezes está presente no universo das doenças continuamos ignorando!\npsiquiátricas. No lugar da marca de ferro, relegamos preconceito,\nMais de\nfalta de informação e tratamentos precários a pessoas que sofrem 322 11,5 milhões\nmilhões de brasileiros têm depressão\nde depressão, ansiedade, transtorno bipolar e outros transtornos\nde pessoas vivem com\nmentais graves. depressão em todo o mundo O Brasil é o país\nmais depressivo\nAchar que a manifestação de um transtorno mental é “frescura” Hoje da América Latina\nDepressão é a\nestá relacionado a um ideal de felicidade que não é igual para A depressão é a 2a causa\ndoença mais\ntodo mundo. A tentativa de se encaixar nesse modelo cria incapacitante de afastamento de\ndo mundo\ntrabalho no mundo\ndistância dos sentimentos reais, e quem os demonstra é rotulado,\nO número de\no que progressivamente dificulta a interação social. É aqui que 1 trilhão Mulheres\nredes sociais de enorme popularidade mostram uma face cruel, de dólares afeta é d 3 a 0 s % pe m la a d is e p e r le e v s a sã d o o\né o valor da perda econômica que o dos homens\ndesempenhando um papel de validação da vida perfeita e criando mundial gerada pelas consequências\ndos transtornos mentais\num ambiente em que tudo deve ser mostrado em seu melhor\nTodos os dados foram divulgados pela Organização Mundial da Saúde\nângulo. Fora dos holofotes da internet, porém, transtornos mentais (OMS) em fevereiro de 2017.\nSe você precisa de ajuda, ligue para o Centro de Valorização da Vida (CVV): 188.\nmostram-se mais presentes do que se imagina.\nDisponível em: https://zenklub.com.br.\nhttp://www.abrata.org.br. Acesso em: 27 jul. 2020 (adaptado). Acesso em: 27 jul. 2020 (adaptado).\nPROPOSTA DE REDAÇÃO\nA partir da leitura dos textos motivadores e com base nos conhecimentos construídos ao longo de sua\nformação, redija um texto dissertativo-argumentativo em modalidade escrita formal da língua portuguesa\nsobre o tema “O estigma associado às doenças mentais na sociedade brasileira”, apresentando proposta de\nintervenção que respeite os direitos humanos. Selecione, organize e relacione, de forma coerente e coesa,\nargumentos e fatos para defesa de seu ponto de vista.\nLC - 1° dia | Caderno 1 - AZUL - Página 19\n*010175AZ20*\nCIÊNCIAS HUMANAS E SUAS TECNOLOGIAS Questão 48\nQuestões de 46 a 90 Nas últimas décadas, uma acentuada feminização\nQuestão 46 no mundo do trabalho vem ocorrendo. Se a participação\nEmbora inegáveis os benefícios que ambas as masculina pouco cresceu no período pós-1970, a\neconomias têm auferido do intercâmbio comercial, o Brasil intensificação da inserção das mulheres foi o traço\ntem reiterado seu objetivo de desenvolver com a China marcante. Entretanto, essa presença feminina se dá mais\numa relação comercial menos assimétrica. Os números no espaço dos empregos precários, onde a exploração,\nrevelam com clareza a assimetria. As exportações em grande medida, se encontra mais acentuada.\nNOGUEIRA, C. M. As trabalhadoras do telemarketing: uma nova divisão sexual do trabalho?\nbrasileiras de produtos básicos, especialmente soja,\nIn: ANTUNES, R. et al. Infoproletários: degradação real do trabalho virtual.\nminério de ferro e petróleo, compõem, dependendo do São Paulo: Boitempo, 2009.\nano, algo entre 75% e 80% da pauta, ao passo que as A transformação descrita no texto tem sido insuficiente\nimportações brasileiras consistem, aproximadamente, para o estabelecimento de uma condição de igualdade de\nem 95% de produtos industrializados chineses, que vão oportunidade em virtude da(s)\ndesde os mais variados bens de consumo até máquinas\nA estagnação de direitos adquiridos e do anacronismo\ne equipamentos de alto valor.\nda legislação vigente.\nLEÃO, V. C. Prefácio. In: CINTRA, M. A. M.; SILVA FILHO, E. B.; PINTO, E. C. (Org.).\nChina em transformação: dimensões econômicas e geopolíticas do desenvolvimento. B manutenção do status quo gerencial e dos padrões\nRio de Janeiro: Ipea, 2015.\nUma ação estatal de longo prazo capaz de reduzir a de socialização familiar.\nassimetria na balança comercial brasileira, conforme C desestruturação da herança patriarcal e das\nexposto no texto, é o(a) mudanças do perfil ocupacional.\nA expansão do setor extrativista. D disputas na composição sindical e da presença na\nB incremento da atividade agrícola. esfera político-partidária.\nC diversificação da matriz energética. E exigências de aperfeiçoamento profissional e de\nD fortalecimento da pesquisa científica.\nhabilidades na competência diretiva.\nE monitoramento do fluxo alfandegário.\nQuestão 49\nQuestão 47\nA propriedade compreende, em seu conteúdo e alcance,\nAs estatísticas mais recentes do Brasil rural revelam\nalém do tradicional direito de uso, gozo e disposição por\num paradoxo que interessa a toda sociedade: o emprego\nparte de seu titular, a obrigatoriedade do atendimento de\nde natureza agrícola definha em praticamente todo o país,\nsua função social, cuja definição é inseparável do requisito\nmas a população residente no campo voltou a crescer; ou\nobrigatório do uso racional da propriedade e dos recursos\npelo menos parou de cair. Esses sinais trocados sugerem\nambientais que lhe são integrantes. O proprietário, como\nque a dinâmica agrícola, embora fundamental, já não\nmembro integrante da comunidade, se sujeita a obrigações\ndetermina sozinha os rumos da demografia no campo.\ncrescentes que, ultrapassando os limites do direito de\nEsse novo cenário é explicado em parte pelo incremento\nvizinhança, no âmbito do direito privado, abrangem o campo\ndo emprego não agrícola no campo. Ao mesmo tempo,\ndos direitos da coletividade, visando o bem-estar geral, no\naumentou a massa de desempregados, inativos e\nâmbito do direito público.\naposentados que mantêm residência rural.\nJELINEK, R. O princípio da função social da propriedade e sua repercussão sobre o\nSILVA, J. G. Velhos e novos mitos do rural brasileiro. Estudos Avançados, n. 43, dez. 2001. sistema do Código Civil. Disponível em: www.mp.rs.gov.br. Acesso em: 20 fev. 2013.\nSobre o espaço brasileiro, o texto apresenta argumentos Os movimentos em prol da reforma agrária, que\nque refletem a atuam com base no conceito de direito à propriedade\napresentado no texto, propõem-se a\nA heterogeneidade do modo de vida agrário.\nB redução do fluxo populacional nas cidades. A reverter o processo de privatização fundiária.\nC correlação entre força de trabalho e migração sazonal. B ressaltar a inviabilidade da produção latifundiária.\nD indissociabilidade entre local de moradia e acesso à C defender a desapropriação dos espaços improdutivos.\nD impedir a produção exportadora nas terras agricultáveis.\nrenda.\nE desregulamentação das propriedades nas zonas de E coibir o funcionamento de empresas agroindustriais\nfronteira. no campo.\nCH - 1° dia | Caderno 1 - AZUL - Página 20\n*010175AZ21*\nQuestão 50\nA expansão das cidades e a formação das aglomerações urbanas no Brasil foram marcadas pela produção\nindustrial e pela consolidação das metrópoles como locais de seu desenvolvimento. Na segunda metade do século XX,\nas metrópoles brasileiras estenderam-se por áreas de ocupação contínua, configurando densas regiões urbanizadas.\nMOURA, R. Arranjos urbano-regionais no Brasil: especificidades e reprodução de padrões. Disponível em: www.ub.edu. Acesso em: 11 fev. 2015.\nO resultado do processo geográfico descrito foi o(a)\nA valorização da escala local.\nB crescimento das áreas periféricas.\nC densificação do transporte ferroviário.\nD predomínio do planejamento estadual.\nE inibição de consórcios intermunicipais.\nQuestão 51\nZona de pastoreio e cultura do algodão e cereais do agreste (1963)\nPASTOREIO - - - - - - - - - - - - - - -\nPLANTIO E LIMPA - - - - - - - - - -\nCRESCIMENTO- - - - - - - - - - -\nCONVENÇÕES COLHEITA DE FEIJÃO - - - - - - - -\nCOLHEITA DE MILHO VERDE - - -\nCOLHEITA DE MILHO SECO - - -\nCOLHEITA DE ALGODÃO - - - - - -\nANDRADE, M. C. A terra e o homem no Nordeste. São Paulo: Brasiliense, 1963.\nA dinâmica produtiva apresentada na imagem tem como estratégia central a\nA separação pelo tipo de solo.\nB exportação da colheita sazonal.\nC priorização da tecnologia moderna.\nD adequação pelo tempo da natureza.\nE intensificação da atividade pecuária.\nCH - 1° dia | Caderno 1 - AZUL - Página 21\n*010175AZ22*\nQuestão 52 Questão 54\nDois grandes eventos históricos tornaram possível A arte pré-histórica africana foi incontestavelmente um\nveículo de mensagens pedagógicas e sociais. Os San,\num caso como o de Menocchio: a invenção da imprensa\nque constituem hoje o povo mais próximo da realidade\ne a Reforma. A imprensa lhe permitiu confrontar os\ndas representações rupestres, afirmam que seus\nlivros com a tradição oral em que havia crescido e lhe\nantepassados lhes explicaram sua visão do mundo a partir\nforneceu as palavras para organizar o amontoado de\ndesse gigantesco livro de imagens que são as galerias.\nideias e fantasias que nele conviviam. A Reforma lhe A educação dos povos que desconhecem a escrita está\ndeu audácia para comunicar o que pensava ao padre do baseada sobretudo na imagem e no som, no audiovisual.\nKI-ZERBO, J. A arte pré-histórica africana. In: KI-ZERBO, J. (Org.)\nvilarejo, conterrâneos, inquisidores — mesmo não tendo\nHistória geral da África, I: metodologia e pré-história da África.\nBrasília: Unesco, 2010.\nconseguido dizer tudo diante do papa, dos cardeais e dos\nDe acordo com o texto, a arte mencionada é importante\npríncipes, como queria.\npara os povos que a cultivam por colaborar para o(a)\nGINZBURG, C. O queijo e os vermes: o cotidiano e as ideias de um moleiro perseguido\npela Inquisição. São Paulo: Cia. das Letras, 2006.\nA transmissão dos saberes acumulados.\nOs acontecimentos históricos citados ajudaram esse\nB expansão da propriedade individual.\nindivíduo, no século XVI, a repensar a visão católica do\nC ruptura da disciplina hierárquica.\nmundo ao possibilitarem a\nD surgimento dos laços familiares.\nA consulta pública das bibliotecas reais.\nE rejeição de práticas exógenas.\nB sofisticação barroca do ritual litúrgico.\nQuestão 55\nC aceitação popular da educação secular.\nSerá que as coisas lhe pareceriam diferentes se, de\nD interpretação autônoma dos textos bíblicos.\nfato, todas elas existissem apenas na sua mente — se\nE correção doutrinária das heresias medievais.\ntudo o que você julgasse ser o mundo externo real fosse\nQuestão 53\napenas um sonho ou alucinação gigante, de que você\n“Devo estar chegando perto do centro da Terra. Deixe jamais fosse despertar? Se assim fosse, então é claro\nver: deve ter sido mais de seis mil quilômetros, por aí...” que você nunca poderia despertar, como faz quando\n(como se vê, Alice tinha aprendido uma porção de coisas sonha, pois significaria que não há mundo “real” no qual\ndesse tipo na escola, e embora essa não fosse uma despertar. Logo, não seria exatamente igual a um sonho\noportunidade lá muito boa de demonstrar conhecimentos, ou alucinação normal.\njá que não havia ninguém por perto para escutá-la, em NAGEL, T. Uma breve introdução à filosofia. São Paulo: Martins Fontes, 2011.\ntodo caso era bom praticar um pouco) “... sim, deve ser O texto confere visibilidade a uma doutrina filosófica\nmais ou menos essa a distância... mas então qual seria contemporânea conhecida como:\na latitude ou longitude em que estou?” (Alice não tinha A Personalismo, que vincula a realidade circundante\na menor ideia do que fosse latitude ou longitude, mas aos domínios do pessoal.\nachou que eram palavras muito imponentes).\nB Falsificacionismo, que estabelece ciclos de problemas\nCARROLL, L. Aventuras de Alice: no País das Maravilhas, Através do espelho e outros textos.\nSão Paulo: Summus, 1980. para refutar uma conjectura.\nO texto descreve uma confusão da personagem em\nC Falibilismo, que rejeita mecanismos mentais para\nrelação\nsustentar uma crença inequívoca.\nA ao tipo de projeção cartográfica. D Idealismo, que nega a existência de objetos\nB aos contornos dos fusos horários. independentemente do trabalho cognoscente.\nC à localização do norte magnético. E Solipsismo, que reconhece limitações cognitivas para\nD aos referenciais de posição relativa. compreender uma experiência compartilhada.\nE às distorções das formas continentais.\nCH - 1° dia | Caderno 1 - AZUL - Página 22\n*010175AZ23*\nQuestão 56 Questão 59\nA demanda mundial para a produção de alimentos Escudos antigos ou maciços cristalinos são\naumenta progressivamente a taxas muito altas.\nblocos imensos de rochas antigas. Estes escudos\nAtualmente, na maioria dos países, continentes e regiões,\nsão constituídos por rochas cristalinas (magmático-\na água consumida na agricultura é de cerca de 70% da\nplutônicas), formadas em eras pré-cambrianas, ou\ndisponibilidade total.\nTUNDISI, J. G. Recursos hídricos no futuro: problemas e soluções. por rochas metamórficas (material sedimentar) do\nEstudos Avançados, n. 63, 2008 (adaptado).\nPaleozoico. São resistentes, estáveis, porém bastante\nPara que haja a redução da pressão sobre o recurso\ndesgastadas. Correspondem a 36% da área territorial\nnatural mencionado, a expansão da agricultura demanda\ne dividem-se em duas grandes porções: o Escudo das\nmelhorias no(a)\nGuianas (norte da Planície Amazônica) e o Escudo\nA fertilização química do solo.\nBrasileiro (porção centro-oriental brasileira).\nB escoamento hídrico do terreno.\nDisponível em: http://ambientes.ambientebrasil.com.br. Acesso em: 25 jun. 2015.\nC manutenção de poços artesianos.\nAs estruturas geológicas indicadas no texto são\nD eficiência das técnicas de irrigação.\nimportantes economicamente para o Brasil por\nE velocidade das máquinas colheitadeiras. concentrarem\nQuestão 57\nA fontes de águas termais.\nNo caso do Departamento de Defesa dos Estados\nB afloramentos de sal-gema.\nUnidos, a ênfase está posta no traçado de uma estratégia\ngeral de desarticulação, não só dos inimigos reais como C jazidas de minerais metálicos.\ndos potenciais, inserida na concepção preventiva que D depósitos de calcário agrícola.\nsupõe que a mínima dissidência é um sinal de perigo e de E reservas de combustível fóssil.\nguerra futura. Deve-se ter capacidade para responder a\nQuestão 60\numa guerra convencional tanto quanto para enfrentar um\ninimigo difuso, atentando simultaneamente para todas Em A morte de Ivan Ilitch, Tolstoi descreve com\nas áreas geográficas do planeta. Trata-se, sem dúvida, detalhes repulsivos o terror de encarar a morte\nda estratégia com pretensões mais abrangentes que se iminente. Ilitch adoece depois de um pequeno acidente\ndesenvolveu até agora.\ne logo compreende que se encaminha para o fim de\nCECEÑA, A. E. Hegemonias e emancipações no século XXI.\nBuenos Aires: Clacso, 2005 (adaptado). modo impossível de parar. “Nas profundezas de seu\nTomando o texto como parâmetro, qual tendência\ncoração, ele sabia estar morrendo, mas em vez de se\ncontemporânea impulsiona a formulação de estratégias\nacostumar com a ideia, simplesmente não o fazia e não\nmais abrangentes por parte do Estado americano?\nconseguia compreendê-la”.\nA Erradicação dos conflitos em territórios.\nKAZEZ, J. O peso das coisas: filosofia para o bem-viver. Rio de Janeiro: Tinta Negra, 2004.\nB Propagação de organizações em redes.\nO texto descreve a experiência do personagem de Tolstoi\nC Eliminação das diferenças regionais. diante de um aspecto incontornável de nossas vidas.\nD Ampliação de modelo democrático. Esse aspecto foi um tema central na tradição filosófica\nE Projeção da diplomacia mundial.\nA marxista, no contexto do materialismo histórico.\nQuestão 58\nB logicista, no propósito de entendimento dos fatos.\nO planejamento deixou de controlar o crescimento\nurbano e passou a encorajá-lo por todos os meios C utilitarista, no sentido da racionalidade das ações.\npossíveis e imagináveis. Cidades, a nova mensagem D pós-modernista, na discussão da fluidez das relações.\nsoou em alto e bom som, eram máquinas de produzir E existencialista, na questão do reconhecimento de si.\nriquezas; o primeiro e principal objetivo do planejamento\ndevia ser o de azeitar a máquina.\nHALL, P. Cidades do amanhã: uma história intelectual do planejamento e do projeto\nurbanos no século XX. São Paulo: Perspectiva, 2016 (adaptado).\nO modelo de planejamento urbano problematizado no\ntexto é marcado pelo(a)\nA primazia da gestão popular.\nB uso de práticas sustentáveis.\nC construção do bem-estar social.\nD soberania do poder governamental.\nE ampliação da participação empresarial.\nCH - 1° dia | Caderno 1 - AZUL - Página 23\n*010175AZ24*\nQuestão 61 Questão 63\nDesde o mundo antigo e sua filosofia, que o trabalho\nA Divisão Internacional do Trabalho significa\ntem sido compreendido como expressão de vida e\nque alguns países se especializam em ganhar\ndegradação, criação e infelicidade, atividade vital e\ne outros, em perder. Nossa comarca no mundo,\nescravidão, felicidade social e servidão. Trabalho e\nque hoje chamamos América Latina, foi precoce:\nfadiga. Na Modernidade, sob o comando do mundo da\nespecializou-se em perder desde os remotos\nmercadoria e do dinheiro, a prevalência do negócio (negar\ntempos em que os europeus do Renascimento se\no ócio) veio sepultar o império do repouso, da folga e da\naventuraram pelos mares e lhe cravaram os dentes\npreguiça, criando uma ética positiva do trabalho.\nna garganta. Passaram-se os séculos e a América\nANTUNES, R. O século XX e a era da degradação do trabalho. In: SILVA, J. P. (Org.).\nLatina aprimorou suas funções. Por uma sociologia do século XX. São Paulo: Annablume, 2007 (adaptado).\nGALEANO, E. As veias abertas da América Latina. São Paulo: Paz e Terra, 1978. O processo de ressignificação do trabalho nas sociedades\nmodernas teve início a partir do surgimento de uma nova\nEscrito na década de 1970, o texto considera a\nmentalidade, influenciada pela\nparticipação da América Latina na Divisão Internacional\ndo Trabalho marcada pela A reforma higienista, que combateu o caráter excessivo\ne insalubre do trabalho fabril.\nA produção inovadora de padrões de tecnologia.\nB Reforma Protestante, que expressou a importância\nB superação paulatina do caráter agroexportador.\ndas atividades laborais no mundo secularizado.\nC apropriação imperialista dos recursos territoriais.\nC força do sindicalismo, que emergiu no esteio do\nD valorização econômica dos saberes tradicionais.\nanarquismo reivindicando direitos trabalhistas.\nE dependência externa do suprimento de alimentos.\nD participação das mulheres em movimentos sociais,\nQuestão 62 defendendo o direito ao trabalho.\nSexto rei sumério (governante entre os séculos XVIII e E visão do catolicismo, que, desde a Idade Média,\nXVII a.C.) e nascido em Babel, “Khammu-rabi” (pronúncia defendia a dignidade do trabalho e do lucro.\nem babilônio) foi fundador do I Império Babilônico Questão 64\n(correspondente ao atual Iraque), unificando amplamente\nÉ difícil imaginar que nos anos 1990, num país\no mundo mesopotâmico, unindo os semitas e os sumérios\ncom setores da população na pobreza absoluta e sem\ne levando a Babilônia ao máximo esplendor. O nome\numa rede de benefícios sociais em que se apoiar, um\nde Hamurabi permanece indissociavelmente ligado ao\ngoverno possa abandonar o papel de promotor de\ncódigo jurídico tido como o mais remoto já descoberto: o\nprogramas de geração de emprego, de assistência\nCódigo de Hamurabi. O legislador babilônico consolidou\nsocial, de desenvolvimento da infraestrutura e de\na tradição jurídica, harmonizou os costumes e estendeu o\npromoção de regiões excluídas, na expectativa de\ndireito e a lei a todos os súditos.\nque o mercado venha algum dia a dar uma resposta\nDisponível em: www.direitoshumanos.usp.br. Acesso em: 12 fev. 2013 (adaptado).\nadequada a tudo isso.\nNesse contexto de organização da vida social, as leis SORJ, B. A nova sociedade brasileira. Rio de Janeiro: Jorge Zahar, 2000 (adaptado).\ncontidas no Código citado tinham o sentido de Nesse contexto, a criticada postura dos governos frente\nà situação social do país coincidiu com a priorização de\nA assegurar garantias individuais aos cidadãos livres.\nque medidas?\nB tipificar regras referentes aos atos dignos de\nA Expansão dos investimentos nas empresas públicas\npunição.\ne nos bancos estatais.\nC conceder benefícios de indulto aos prisioneiros de B Democratização do crédito habitacional e da aquisição\nguerra.\nde moradias populares.\nD promover distribuição de terras aos desempregados C Enxugamento da carga fiscal individual e da\nurbanos. contribuição tributária empresarial.\nE conferir prerrogativas políticas aos descendentes de D Reformulação do acesso ao ensino superior e do\nestrangeiros. financiamento científico nacional.\nE Reforma das políticas macroeconômicas e dos\nmecanismos de controle inflacionário.\nCH - 1° dia | Caderno 1 - AZUL - Página 24\n*010175AZ25*\nQuestão 65\nO conjunto representado pelo agronegócio demanda condições específicas que passam a ser exigidas dos\nterritórios. Como há uma elevação da formação de fluxos, materiais e imateriais, a crescente articulação com as\nescalas que vão do local ao global terminam por pressionar o Estado a agir visando uma instalação no território\nde fixos diversos, bem como de uma regulação específica.\nLIMA, R. C.; PENNA, N. A. A logística de transportes do agronegócio em Mato Grosso (Brasil). Confins, n. 26, fev. 2016.\nO mapa e o texto se complementam indicando que a expansão das rodovias se deu como resposta ao(à)\nA alteração da matriz econômica.\nB substituição do modal hidroviário.\nC retração do contingente demográfico.\nD projeção do escoamento produtivo.\nE estagnação de lavouras policultoras.\nQuestão 66\nUm dos resquícios franceses na dança são os comandos proferidos pelo marcador da quadrilha. Seu papel é\nanunciar os próximos passos da coreografia. O abrasileiramento de termos franceses deu origem, por exemplo, ao\nsaruê (soirée — reunião social noturna, ordem para todos se juntarem no centro do salão), anarriê (en arrière — para\ntrás) e anavã (en avant — para frente).\nDisponível em: www.ebc.com.br. Acesso em: 6 jul. 2015.\nA característica apresentada dessa manifestação popular resulta do seguinte processo socio-histórico:\nA Massificação da arte erudita.\nB Rejeição de hábitos elitistas.\nC Laicização dos rituais religiosos.\nD Restauração dos costumes antigos.\nE Apropriação de práticas estrangeiras.\nCH - 1° dia | Caderno 1 - AZUL - Página 25\n*010175AZ26*\nQuestão 67 De acordo com o texto, novos estudos têm valorizado\na história do indivíduo por se constituir como\nVale da Grande possibilidade de\nFenda\nA adesão ao método positivista.\nVulcões B expressão do papel das elites.\nC resgate das narrativas heroicas.\nD acesso ao cotidiano das comunidades.\nE interpretação das manifestações do divino.\nQuestão 69\nA sociedade como um sistema justo de cooperação\nsocial consiste em uma das ideias familiares\nfundamentais, que dá estrutura e organização à justiça\ncomo equidade. A cooperação social guia-se por\nregras e procedimentos publicamente reconhecidos\ne aceitos por aqueles que cooperam como sendo\napropriados para regular a sua conduta. Diz-se que a\ncooperação é justa porque seus termos são tais que\ntodos os participantes podem razoavelmente aceitar,\ndesde que todos os demais também o aceitem.\nFERES JR., J.; POGREBINSCHI, T. Teoria política contemporânea: uma introdução.\nRio de Janeiro: Elsevier, 2010.\nNo contexto do pensamento político, a ideia apresentada\nmostra-se consoante o(a)\nA ideal republicano de governo.\nB corrente tripartite dos poderes.\nDisponível em: https://noticias.uol.com.br. Acesso em: 13 jun. 2018 (adaptado). C posicionamento crítico do socialismo.\nOs aspectos físicos apresentados originam-se da atuação D legitimidade do absolutismo monárquico.\nda força natural de E entendimento do contratualismo moderno.\nQuestão 70\nA colisão de placas tectônicas.\nCom efeito, até a destruição de Cartago, o povo e o\nB rifteamento da crosta terrestre.\nSenado romano governavam a República em harmonia\nC subducção da plataforma oceânica.\ne sem paixão, e não havia entre os cidadãos luta por\nD formação de cadeias montanhosas.\nglória ou dominação; o medo do inimigo mantinha a\nE metamorfi smo de bordas continentais. cidade no cumprimento do dever. Mas, assim que o\nmedo desapareceu dos espíritos, introduziram-se os\nQuestão 68\nmales pelos quais a prosperidade tem predileção, isto\nA reabilitação da biografi a histórica integrou as\né, a libertinagem e o orgulho.\naquisições da história social e cultural, oferecendo SALÚSTIO. A conjuração de Catilina/A guerra de Jugurta. Petrópolis:\nVozes, 1990 (adaptado).\naos diferentes atores históricos uma importância\nO acontecimento histórico mencionado no texto de\ndiferenciada, distinta, individual. Mas não se tratava\nSalústio, datado de I a.C., manteve correspondência com\nmais de fazer, simplesmente, a história dos grandes\no processo de\nnomes, em formato hagiográfi co — quase uma vida\nA demarcação de terras públicas.\nde santo —, sem problemas, nem máculas. Mas de\nB imposição da escravidão por dívidas.\nexaminar os atores (ou o ator) célebres ou não, como\nC restrição da cidadania por parentesco.\ntestemunhas, como refl exos, como reveladores de uma\nD restauração de instituições ancestrais.\népoca.\nDEL PRIORE, M. Biografi a: quando o indivíduo encontra a história. E expansão das fronteiras extrapeninsulares.\nTopoi, n. 19, jul.-dez. 2009.\nCH - 1° dia | Caderno 1 - AZUL - Página 26\n*010175AZ27*\nQuestão 71 Questão 73\nO cântico da terra Declaração de Salamanca – 1994\nAcreditamos e proclamamos que: toda criança\nEu sou a terra, eu sou a vida.\ntem direito fundamental à educação e deve ser dada\nA ti, ó lavrador, tudo quanto é meu. a oportunidade de atingir e manter o nível adequado\nTeu arado, tua foice, teu machado. de aprendizagem; toda criança possui características,\ninteresses, habilidades e necessidades de aprendizagem\nO berço pequenino de teu filho.\nque são únicas; sistemas educacionais deveriam ser\nO algodão de tua veste designados e programas educacionais deveriam ser\nimplementados no sentido de se levar em conta a vasta\ne o pão de tua casa.\ndiversidade de tais características e necessidades.\nE um dia bem distante\nDisponível em: http://portal.mec.gov.br. Acesso em: 4 out. 2015.\na mim tu voltarás.\nComo signatário da Declaração citada, o Brasil\nE no canteiro materno de meu seio comprometeu-se com a elaboração de políticas públicas\neducacionais que contemplem a\ntranquilo dormirás.\nA criação de privilégios.\nPlantemos a roça.\nB contenção dos gastos.\nLavremos a gleba.\nC pluralidade dos sujeitos.\nCORALINA, C. Textos e contextos: poemas dos becos de Goiás e estórias mais.\nSão Paulo: Global, 1997 (fragmento). D padronização do currículo.\nE valorização da meritocracia.\nNo contexto das distintas formas de apropriação da terra,\no poema de Cora Coralina valoriza a relação entre Questão 74\nA grileiros e controle territorial. TEXTO I\nB meeiros e divisão do trabalho. Os meus pensamentos são todos sensações.\nC camponeses e uso da natureza. Penso com os olhos e com os ouvidos\nD indígenas e manejo agroecológico. E com as mãos e os pés\nE latifundiários e fertilização do solo. E com o nariz e a boca.\nPESSOA, F. O guardador de rebanhos – IX. In: GALHOZ, M. A. (Org.). Obras poéticas.\nQuestão 72 Rio de Janeiro: Nova Aguilar, 1999 (fragmento).\nMontaigne deu o nome para um novo gênero\nTEXTO II\nliterário; foi dos primeiros a instituir na literatura\nTudo aquilo que sei do mundo, mesmo por ciência, eu\nmoderna um espaço privado, o espaço do “eu”, do texto\no sei a partir de uma visão minha ou de uma experiência\níntimo. Ele cria um novo processo de escrita filosófica,\ndo mundo sem a qual os símbolos da ciência não\nno qual hesitações, autocríticas, correções entram no\npoderiam dizer nada.\npróprio texto.\nMERLEAU-PONTY, M. Fenomenologia da percepção. São Paulo:\nCOELHO, M. Montaigne. São Paulo: Publifolha, 2001 (adaptado). Martins Fontes, 1999 (adaptado).\nO novo gênero de escrita aludido no texto é o(a) Os textos mostram-se alinhados a um entendimento\nacerca da ideia de conhecimento, numa perspectiva que\nA confissão, que relata experiências de transformação.\nampara a\nB ensaio, que expõe concepções subjetivas de um tema.\nC carta, que comunica informações para um conhecido. A anterioridade da razão no domínio cognitivo.\nD meditação, que propõe preparações para o B confirmação da existência de saberes inatos.\nconhecimento. C valorização do corpo na apreensão da realidade.\nE diálogo, que discute assuntos com diferentes\nD verificabilidade de proposições no campo da lógica.\ninterlocutores.\nE possibilidade de contemplação de verdades atemporais.\nCH - 1° dia | Caderno 1 - AZUL - Página 27\n*010175AZ28*\nQuestão 75 No fragmento, Aristóteles promove uma reflexão que\nassocia dois elementos essenciais à discussão sobre a\nAfirmar que a cartografia da época moderna integrou o\nvida em comunidade, a saber:\nprocesso de invenção da América por parte dos europeus\nsignifica que os conhecimentos dos ameríndios sobre o A Ética e política, pois conduzem à eudaimonia.\nterritório foram ignorados pela cartografia europeia ou que B Retórica e linguagem, pois cuidam dos discursos\neles foram privados de sua representação territorial e da na ágora.\nautoridade que seus conhecimentos tinham sobre o espaço. C Metafísica e ontologia, pois tratam da filosofia primeira.\nOLIVEIRA, T. K. Desconstruindo mapas, revelando espacializações: reflexões sobre o uso D Democracia e sociedade, pois se referem a relações\nda cartografia em estudos sobre o Brasil colonial. Revista Brasileira de História,\nn. 68, 2014 (adaptado). sociais.\nNa análise contida no texto, a representação cartográfica E Geração e corrupção, pois abarcam o campo da\nda América foi marcada por\nphysis.\nA asserção da cultura dos nativos. Questão 78\nB avanço dos estudos do ambiente. O toyotismo, a partir dos anos 1970, teve grande\nC afirmação das formas de dominação. impacto no mundo ocidental, quando se mostrou para\nD exatidão da demarcação das regiões. os países avançados como uma opção possível para a\nE aprimoramento do conceito de fronteira. superação de uma crise de acumulação.\nANTUNES, R. Os sentidos do trabalho: ensaio sobre a afirmação e a negação do trabalho.\nQuestão 76 São Paulo: Boitempo, 2009 (adaptado).\nA principal característica da situação social dos A característica organizacional do modelo em questão,\nanglo-americanos é seu caráter eminentemente requerida no contexto de crise, foi o(a)\ndemocrático. Afirmei anteriormente que reinava uma\nA expansão dos grandes estoques.\nigualdade muito grande entre os emigrantes que foram\nB incremento da fabricação em massa.\nse estabelecer na Nova Inglaterra. Para isso contribuiu\nC adequação da produção à demanda.\na influência das leis de sucessão. Estabelecidas\nde uma maneira, as leis de sucessão reúnem, D aumento da mecanização do trabalho.\nconcentram e agrupam em um só a propriedade e o E centralização das etapas de planejamento.\npoder. Estabelecidas por outros princípios, produzem Questão 79\no oposto: dividem, partilham e disseminam os bens e\nO fenômeno histórico conhecido como “tráfico de\no poder.\ncoolies” esteve associado diretamente ao período que vai\nTOCQUEVILLE, A. A democracia na América. Belo Horizonte: Itatiaia;\nSão Paulo: Edusp, 1977 (adaptado).\ndo final da década de 1840 até o ano de 1874, quando\nO texto tematiza o papel desempenhado por uma norma\nmilhares de chineses foram encaminhados principalmente\nna criação de um ambiente propício ao(à)\npara Cuba e Peru e muitos abusos no recrutamento de\nA emprego do trabalho escravo.\nmão de obra foram identificados. O tráfico de coolies\nB consolidação dos valores burgueses.\nC banimento das dissidências religiosas. ou, em outros termos, o transporte por meios coativos\nD contenção da identificação nacionalista. de mão de obra de um lugar para outro, foi comparado\nE hierarquização dos agentes econômicos. ao tráfico africano de escravos por muitos periodistas e\nQuestão 77 analistas do século XIX.\nVemos que toda cidade é uma espécie de SANTOS, M. A. Migrações e trabalho sob contrato no século XIX. História, n. 12, 2017.\ncomunidade, e toda comunidade se forma com vistas\nA comparação mencionada no texto foi possível em razão\na algum bem, pois todas as ações de todos os homens\nda seguinte característica:\nsão praticadas com vistas ao que lhe parece um bem;\nA Oferta de contrato formal.\nse todas as comunidades visam algum bem, é evidente B Origem étnica dos grupos de trabalhadores.\nque a mais importante de todas elas e que inclui todas as C Conhecimento das tarefas desenvolvidas.\noutras tem mais que todas este objetivo e visa ao mais D Controle opressivo das vidas dos indivíduos.\nimportante de todos os bens. E Investimento requerido dos empregadores.\nARISTÓTELES. Política. Brasília: UnB,1988.\nCH - 1° dia | Caderno 1 - AZUL - Página 28\n*010175AZ29*\nQuestão 80 A característica física que justifica a fixação do homem\nOs seringueiros amazônicos eram invisíveis no nos locais apresentados no texto é a ocorrência de\ncenário nacional nos anos 1970. Começaram a se\narticular como um movimento agrário no início dos anos A solo fértil.\n1980, e na década seguinte conseguiram reconhecimento B encosta íngreme.\nnacional, obtendo a implantação das primeiras reservas\nC vegetação diversificada.\nextrativas após o assassinato de Chico Mendes. Assim,\nem vinte anos, os camponeses da floresta passaram da D drenagem eficiente.\ninvisibilidade à posição de paradigma de desenvolvimento E clima ameno.\nsustentável com participação popular.\nQuestão 83\nALMEIDA, M. W. B. Direitos à floresta e ambientalismo: seringueiros e suas lutas.\nRevista Brasileira de Ciências Sociais, n. 55, 2004. Ao abrigo do teto, sua jornada de fé começava na\nsala de jantar. Na pequena célula cristã, dividia-se a\nDe acordo com o texto, a visibilidade dos seringueiros\namazônicos foi estabelecida pela relação entre refeição e durante elas os crentes conversavam, rezavam\ne liam cartas de correligionários residentes em locais\nA crescimento econômico e migração de trabalhadores.\ndiferentes do Império Romano (século II da Era Cristã).\nB produção de borracha e escassez de recursos naturais.\nEsse ambiente garantia peculiar apoio emocional às\nC reivindicação de terra e preservação de mata nativa.\nexperiências intensamente individuais que abrigava.\nD incentivo governamental e conservação de territórios.\nSENNET, R. Carne e pedra. Rio de Janeiro: Record, 2008.\nE modernização de plantio e comércio de látex.\nUm motivo que explica a ambientação da prática descrita\nQuestão 81\nno texto encontra-se no(a)\nPorque todos confessamos não se poder viver sem\nalguns escravos, que busquem a lenha e a água, e A regra judaica, que pregava a superioridade espiritual\nfaçam cada dia o pão que se come, e outros serviços\ndos cultos das sinagogas.\nque não são possíveis poderem-se fazer pelos\nIrmãos Jesuítas, máxime sendo tão poucos, que seria B moralismo da legislação, que dificultava as reuniões\nnecessário deixar as confissões e tudo mais. Parece-\nabertas da juventude livre.\nme que a Companhia de Jesus deve ter e adquirir\nescravos, justamente, por meios que as Constituições C adesão do patriciado, que subvertia o conceito\npermitem, quando puder para nossos colégios e casas original dos valores estrangeiros.\nde meninos.\nD decisão política, que censurava as manifestações\nLEITE, S. História da Companhia de Jesus no Brasil. Rio de Janeiro:\nCivilização Brasileira, 1938 (adaptado). públicas da doutrina dissidente.\nO texto explicita premissas da expansão ultramarina E violência senhorial, que impunha a desestruturação\nportuguesa ao buscar justificar a\nforçada das famílias escravas.\nA propagação do ideário cristão. Questão 84\nB valorização do trabalho braçal. A colisão entre uma placa continental e uma oceânica\nC adoção do cativeiro na Colônia. provocará a subducção desta última sob a placa\nD adesão ao ascetismo contemplativo. continental, que, a exemplo dos arcos e ilhas, produzirá\nE alfabetização dos indígenas nas Missões. um arco magmático na borda do continente, composto\nQuestão 82 por rochas vulcânicas acompanhado de deformações e\nAs cidades de Puebla, no México, e Legazpi, nas metamorfismo tanto de rochas preexistentes como de\nFilipinas, não têm quase nada em comum. Estão muito parte das rochas formadas no processo.\nlonge uma da outra e são habitadas por povos muito\nTEIXEIRA, W. et al. (Org.). Decifrando a Terra. São Paulo: Oficina de Textos, 2000.\ndiferentes. O que as une é um trágico detalhe de sua\ngeografia. Elas foram erguidas na vizinhança de alguns Qual feição fisiográfica é gerada pelo processo tectônico\ndos vulcões mais perigosos do mundo: o mexicano apresentado?\nPopocatepétl e o filipino Mayon. Seus habitantes\nprecisam estar prontos para correr a qualquer hora. Eles A Planícies abissais.\nfazem parte dos 550 milhões de indivíduos que moram B Planaltos cristalinos.\nem zonas de risco vulcânico no mundo. Ao contrário do\nC Depressões absolutas.\nque seria sensato, continuam ali, indiferentes ao perigo\nque os espreita. D Bacias sedimentares.\nANGELO, C. Disponível em: http://super.abril.com.br. Acesso em: 24 out. 2015 (adaptado). E Dobramentos modernos.\nCH - 1° dia | Caderno 1 - AZUL - Página 29\n*010175AZ30*\nQuestão 85 Esse documento, elaborado no contexto da Revolução\nO movimento sedicioso ocorrido na capitania Francesa, reflete uma profunda mudança social ao\nde Pernambuco, no ano 1817, foi analisado de estabelecer a\nformas diferentes por dois meios de comunicação\nA manutenção das terras comunais.\ndaquela época. O Correio Braziliense apontou para\nB supressão do poder constituinte.\no fato de ser “a comoção no Brasil motivada por um\ndescontentamento geral, e não por maquinações de C falência da sociedade burguesa.\nalguns indivíduos”. Já a Gazeta do Rio de Janeiro D paridade do tratamento jurídico.\nconsiderou o movimento como um “pontual desvio E abolição dos partidos políticos.\nde norma, apenas uma ‘mancha’ nas ‘páginas da\nQuestão 87\nHistória Portuguesa’, tão distinta pelos testemunhos\nNa Grécia, o conceito de povo abrange tão\nde amor e respeito que os vassalos desta nação\nsomente aqueles indivíduos considerados cidadãos.\nconsagram ao seu soberano”.\nAssim é possível perceber que o conceito de povo era\nJANCSÓ, I.; PIMENTA, J. P. Peças de um mosaico. In: MOTA, C. G. (Org.). Viagem Incompleta:\na experiência brasileira (1500-2000). São Paulo: Senac, 2000 (adaptado). muito restritivo. Mesmo tendo isso em conta, a forma\nOs fragmentos das matérias jornalísticas sobre o democrática vivenciada e experimentada pelos gregos\nacontecimento, embora com percepções diversas,\natenienses nos séculos IV e V a.C. pode ser caracterizada,\nrelacionam-se a um aspecto do processo de\nfundamentalmente, como direta.\nindependência da colônia luso-americana expresso\nMANDUCO, A. Ciência política. São Paulo: Saraiva, 2011.\nem dissensões entre\nNaquele contexto, a emergência do sistema de governo\nA quadros dirigentes em torno da abolição da ordem\nmencionado no excerto promoveu o(a)\nescravocrata.\nB grupos regionais acerca da configuração político- A competição para a escolha de representantes.\n-territorial. B campanha pela revitalização das oligarquias.\nC intelectuais laicos acerca da revogação do domínio C estabelecimento de mandatos temporários.\neclesiástico. D declínio da sociedade civil organizada.\nD homens livres em torno da extensão do direito de voto. E participação no exercício do poder.\nE elites locais acerca da ordenação do monopólio\nfundiário.\nQuestão 86\nDeclaração de Direitos do Homem e do Cidadão – 1789\nOs representantes do povo francês, tendo em vista\nque a ignorância, o esquecimento ou o desprezo dos\ndireitos do homem são as únicas causas dos males\npúblicos e da corrupção dos governos, resolveram\ndeclarar solenemente os direitos naturais, inalienáveis e\nsagrados do homem, a fim de que esta declaração, sempre\npresente em todos os membros do corpo social, lhes\nlembre permanentemente seus direitos e seus deveres; a\nfim de que as reivindicações dos cidadãos, fundadas em\nprincípios simples e incontestáveis, se dirijam sempre à\nconservação da Constituição e à felicidade geral.\nDisponível em: www.direitoshumanosusp.br. Acesso em: 7 jun. 2018 (adaptado).\nCH - 1° dia | Caderno 1 - AZUL - Página 30\n*010175AZ31*\nQuestão 88 Segundo o autor, qual é a origem do conhecimento\nTEXTO I\nhumano?\nA A potência inata da mente.\nB A revelação da inspiração divina.\nC O estudo das tradições filosóficas.\nD A vivência dos fenômenos do mundo.\nE O desenvolvimento do raciocínio abstrato.\nQuestão 90\nTEXTO I\nO aumento de casos suspeitos de febre amarela em\nMinas pode estar relacionado à tragédia de Mariana,\nem 2015, segundo a bióloga da Fiocruz Márcia Chame.\nRio Tietê, São Paulo (SP). Foto: Delfim Martins/Pulsar. A hipótese tem como ponto de partida a localização das\nTEXTO II cidades mineiras que identificaram até o momento casos\nO Rio Tietê está morto. Ao menos uma parte de pacientes com sintomas da doença. Grande parte está\ndele: 137 quilômetros, para ser mais preciso. Uma na região próxima do Rio Doce, afetado pelo rompimento\npesquisa da Fundação SOS Mata Atlântica mostra\nda Barragem de Fundão, em novembro de 2015.\nque, em 2016, o trecho do rio com qualidade de\nFORMENTI, L. Para bióloga, surto de febre amarela pode ter relação com tragédia de\nágua classificada como ruim ou péssima começa\nMariana. O Estado de São Paulo, 14 jan. 2017.\nem Itaquaquecetuba, passa por toda a Região\nMetropolitana de São Paulo e chega até Cabreúva, TEXTO II\njá no interior de São Paulo. Nesse trecho, a água não\ntem oxigênio suficiente para abrigar vida. Por outro lado, Servio Ribeiro considera remota a\nDisponível em: http://epoca.globo.com. Acesso em: 7 dez. 2017 (adaptado). possibilidade de influência da tragédia de Mariana (MG)\nConsiderando a análise dos textos, a condição atual\nneste surto de febre amarela em Minas Gerais. “A febre\ndesse rio tem como origem a\namarela é uma doença de interior de floresta. O mosquito\nA valorização do sítio urbano.\nque a transmite põe ovos em cavidades de árvores e em\nB extinção da vegetação nativa.\nbromélias. É um mosquito da estrutura da floresta. Ele\nC recepção de densa carga de dejetos.\nD captação desordenada do regime pluvial. não se relaciona muito com grandes corpos-d’água e\nE expansão do uso de defensivos químicos. com rios. As cidades afetadas pela doença estão em uma\nregião onde os rejeitos não chegaram com força para\nQuestão 89\nderrubar a floresta”, diz o biólogo.\nAdão, ainda que supuséssemos que suas faculdades\nRODRIGUES, L. Especialistas investigam relação entre febre amarela e degradação\nracionais fossem inteiramente perfeitas desde o início, ambiental. Agência Brasil, 25 jan. 2017.\nnão poderia ter inferido da fluidez e transparência da\nSobre a tragédia de Mariana, os textos apresentam\nágua que ela o sufocaria, nem da luminosidade e calor\ndivergência quanto ao(à)\ndo fogo que este poderia consumi-lo. Nenhum objeto\njamais revela, pelas qualidades que aparecem aos\nA poluição dos rios locais.\nsentidos, nem as causas que o produziram, nem os\nB identificação da área afetada.\nefeitos que dele provirão; e tampouco nossa razão é\ncapaz de extrair, sem auxílio da experiência, qualquer C destruição da vegetação nativa.\nconclusão referente à existência efetiva de coisas ou\nD aparecimento de enfermidade endêmica.\nquestões de fato.\nE surgimento de comunidades desabrigadas.\nHUME, D. Uma investigação sobre o entendimento humano. São Paulo: Unesp, 2003.\nCH - 1° dia | Caderno 1 - AZUL - Página 31\n1\n*010175AZ32*\n2\n01\n3\n4\n9\n10\nTranscreva a sua Redação para a Folha de Redação.\n1\n2\n3\n4\n5\n6\n7\nO\n8\nH\n9\n10 N O\n11 U Ã\n12 C\nÇ\n13 S\nA\n14 A\nD\n15\nR\nE\n16\nR\n17\n18 A\n19 D\n20\n21\n22\n23\n24\n25\n26\n27\n28\n29\n30\n1° dia | Caderno 1 - AZUL - Página 32\n01'

During handling of the above exception, another exception occurred:

Traceback (most recent call last):
  File "C:\Users\dougl\OneDrive\Área de Trabalho\Developer\analisys02\backend\.venv\Lib\site-packages\pdf2image\pdf2image.py", line 581, in pdfinfo_from_path
    proc = Popen(command, env=env, stdout=PIPE, stderr=PIPE)
  File "C:\Users\dougl\AppData\Local\Programs\Python\Python313\Lib\subprocess.py", line 1039, in __init__
    self._execute_child(args, executable, preexec_fn, close_fds,
    ~~~~~~~~~~~~~~~~~~~^^^^^^^^^^^^^^^^^^^^^^^^^^^^^^^^^^^^^^^^^
                        pass_fds, cwd, env,
                        ^^^^^^^^^^^^^^^^^^^
    ...<5 lines>...
                        gid, gids, uid, umask,
                        ^^^^^^^^^^^^^^^^^^^^^^
                        start_new_session, process_group)
                        ^^^^^^^^^^^^^^^^^^^^^^^^^^^^^^^^^
  File "C:\Users\dougl\AppData\Local\Programs\Python\Python313\Lib\subprocess.py", line 1551, in _execute_child
    hp, ht, pid, tid = _winapi.CreateProcess(executable, args,
                       ~~~~~~~~~~~~~~~~~~~~~^^^^^^^^^^^^^^^^^^
                             # no special security
                             ^^^^^^^^^^^^^^^^^^^^^
    ...<4 lines>...
                             cwd,
                             ^^^^
                             startupinfo)
                             ^^^^^^^^^^^^
FileNotFoundError: [WinError 206] O nome do arquivo ou a extensão é muito grande

During handling of the above exception, another exception occurred:

Traceback (most recent call last):
  File "C:\Users\dougl\OneDrive\Área de Trabalho\Developer\analisys02\backend\src\controllers\upload_controller.py", line 63, in upload_file
    detected_gabarito = pdf_proc.parse_gabarito_pdf(text)
  File "C:\Users\dougl\OneDrive\Área de Trabalho\Developer\analisys02\backend\src\services\pdf_processor.py", line 83, in parse_gabarito_pdf
    text = self.extract_text(pdf_path, use_ocr=True)
  File "C:\Users\dougl\OneDrive\Área de Trabalho\Developer\analisys02\backend\src\services\pdf_processor.py", line 34, in extract_text
    ocr_text = ocr_pdf_images(pdf_path, lang=self.ocr_lang)
  File "C:\Users\dougl\OneDrive\Área de Trabalho\Developer\analisys02\backend\src\services\ocr.py", line 12, in ocr_pdf_images
    images = convert_from_path(pdf_path, output_folder=tmpdir)
  File "C:\Users\dougl\OneDrive\Área de Trabalho\Developer\analisys02\backend\.venv\Lib\site-packages\pdf2image\pdf2image.py", line 127, in convert_from_path
    page_count = pdfinfo_from_path(
                 ~~~~~~~~~~~~~~~~~^
        pdf_path, userpw, ownerpw, poppler_path=poppler_path
        ^^^^^^^^^^^^^^^^^^^^^^^^^^^^^^^^^^^^^^^^^^^^^^^^^^^^
    )["Pages"]
    ^
  File "C:\Users\dougl\OneDrive\Área de Trabalho\Developer\analisys02\backend\.venv\Lib\site-packages\pdf2image\pdf2image.py", line 607, in pdfinfo_from_path
    raise PDFInfoNotInstalledError(
        "Unable to get page count. Is poppler installed and in PATH?"
    )
pdf2image.exceptions.PDFInfoNotInstalledError: Unable to get page count. Is poppler installed and in PATH?
2025-08-23 16:38:00,016 [INFO] src.app: Arquivo duplicado detectado SHA: ab25200a67d34c0c0be86316572d5ca5a93d7836f005fc1a90b1f195f7e5fdd2
2025-08-23 16:38:05,700 [INFO] src.app: Arquivo duplicado detectado SHA: ab25200a67d34c0c0be86316572d5ca5a93d7836f005fc1a90b1f195f7e5fdd2
2025-08-23 16:38:15,019 [INFO] src.app: Arquivo duplicado detectado SHA: 508fc9db2d39df289b8a399044516af78bda3793fd398eed39c7ab0f2a393c48
2025-08-23 16:38:46,356 [INFO] src.app: Arquivo duplicado detectado SHA: ab25200a67d34c0c0be86316572d5ca5a93d7836f005fc1a90b1f195f7e5fdd2
2025-08-23 16:53:47,941 [INFO] src.app: Arquivo duplicado detectado SHA: 4aafd3567873578507f2bd47970c71d701c3db776654188b7d597e7284303adc
